2025-05-29 15:24:50,298 [INFO] Starting training using /content/DL_HACKATON/datasets/D/train.json.gz
2025-05-29 15:27:30,030 [INFO] Loaded 3 pretrained models from /content/DL_HACKATON/model_paths_ABCD.txt
2025-05-29 15:27:30,034 [INFO] 
Starting cycle 1 with seed 1
2025-05-29 15:28:07,723 [INFO] 
Starting training cycle 1
2025-05-29 15:28:07,969 [INFO] Loaded pretrained model: checkpoints/model_ABCD_cycle_1_epoch_780_loss_0.713_f1_0.756.pth
2025-05-29 15:28:19,633 [INFO] Epoch 1/50: Train Loss=9.8817, Val Loss=10.7018, F1=0.7256
2025-05-29 15:28:19,642 [INFO] New best model saved: checkpoints/model_D_cycle_1_epoch_0_loss_10.702_f1_0.726.pth
2025-05-29 15:28:19,643 [INFO] Best validation metrics - Loss: 10.7018, F1: 0.7256
2025-05-29 15:28:29,503 [INFO] Epoch 2/50: Train Loss=9.0610, Val Loss=9.3817, F1=0.7293
2025-05-29 15:28:29,512 [INFO] New best model saved: checkpoints/model_D_cycle_1_epoch_1_loss_9.382_f1_0.729.pth
2025-05-29 15:28:29,512 [INFO] Best validation metrics - Loss: 9.3817, F1: 0.7293
2025-05-29 15:28:39,306 [INFO] Epoch 3/50: Train Loss=8.3627, Val Loss=8.7531, F1=0.7483
2025-05-29 15:28:39,315 [INFO] New best model saved: checkpoints/model_D_cycle_1_epoch_2_loss_8.753_f1_0.748.pth
2025-05-29 15:28:39,316 [INFO] Best validation metrics - Loss: 8.7531, F1: 0.7483
2025-05-29 15:28:49,156 [INFO] Epoch 4/50: Train Loss=8.0128, Val Loss=8.4345, F1=0.7568
2025-05-29 15:28:49,165 [INFO] New best model saved: checkpoints/model_D_cycle_1_epoch_3_loss_8.435_f1_0.757.pth
2025-05-29 15:28:49,166 [INFO] Best validation metrics - Loss: 8.4345, F1: 0.7568
2025-05-29 15:28:49,166 [INFO] Warm-up epochs finished
2025-05-29 15:28:58,988 [INFO] Epoch 5/50: Train Loss=7.9814, Val Loss=8.2004, F1=0.7417
2025-05-29 15:29:08,870 [INFO] Epoch 6/50: Train Loss=7.7083, Val Loss=8.0097, F1=0.7469
2025-05-29 15:29:18,719 [INFO] Epoch 7/50: Train Loss=7.5536, Val Loss=8.1904, F1=0.7320
2025-05-29 15:29:28,593 [INFO] Epoch 8/50: Train Loss=7.5153, Val Loss=8.1204, F1=0.7416
2025-05-29 15:29:38,443 [INFO] Epoch 9/50: Train Loss=7.4048, Val Loss=7.9562, F1=0.7527
2025-05-29 15:29:48,155 [INFO] Epoch 10/50: Train Loss=7.3469, Val Loss=7.9827, F1=0.7597
2025-05-29 15:29:48,155 [INFO] Cycle 1, Epoch 10, LR 5.000e-05, Train Loss: 7.3469, Val Loss: 7.9827, Val F1: 0.7597
2025-05-29 15:29:48,164 [INFO] New best model saved: checkpoints/model_D_cycle_1_epoch_9_loss_7.983_f1_0.760.pth
2025-05-29 15:29:48,164 [INFO] Best validation metrics - Loss: 7.9827, F1: 0.7597
2025-05-29 15:29:57,995 [INFO] Epoch 11/50: Train Loss=7.2661, Val Loss=7.8798, F1=0.7430
2025-05-29 15:30:07,859 [INFO] Epoch 12/50: Train Loss=7.2848, Val Loss=7.9444, F1=0.7553
2025-05-29 15:30:17,685 [INFO] Epoch 13/50: Train Loss=7.1953, Val Loss=7.7398, F1=0.7500
2025-05-29 15:30:27,585 [INFO] Epoch 14/50: Train Loss=7.1254, Val Loss=7.8700, F1=0.7557
2025-05-29 15:30:37,395 [INFO] Epoch 15/50: Train Loss=7.0598, Val Loss=8.2897, F1=0.7432
2025-05-29 15:30:47,174 [INFO] Epoch 16/50: Train Loss=7.1026, Val Loss=7.5744, F1=0.7412
2025-05-29 15:30:56,936 [INFO] Epoch 17/50: Train Loss=6.9921, Val Loss=7.8464, F1=0.7483
2025-05-29 15:31:06,754 [INFO] Epoch 18/50: Train Loss=7.0233, Val Loss=7.9916, F1=0.7558
2025-05-29 15:31:16,551 [INFO] Epoch 19/50: Train Loss=6.9948, Val Loss=7.6502, F1=0.7608
2025-05-29 15:31:16,560 [INFO] New best model saved: checkpoints/model_D_cycle_1_epoch_18_loss_7.650_f1_0.761.pth
2025-05-29 15:31:16,561 [INFO] Best validation metrics - Loss: 7.6502, F1: 0.7608
2025-05-29 15:31:26,359 [INFO] Epoch 20/50: Train Loss=6.8780, Val Loss=7.5834, F1=0.7606
2025-05-29 15:31:26,360 [INFO] Cycle 1, Epoch 20, LR 5.000e-05, Train Loss: 6.8780, Val Loss: 7.5834, Val F1: 0.7606
2025-05-29 15:31:36,138 [INFO] Epoch 21/50: Train Loss=6.9704, Val Loss=7.6430, F1=0.7542
2025-05-29 15:31:45,940 [INFO] Epoch 22/50: Train Loss=6.7971, Val Loss=7.8277, F1=0.7544
2025-05-29 15:31:55,794 [INFO] Epoch 23/50: Train Loss=6.7798, Val Loss=7.7227, F1=0.7573
2025-05-29 15:32:05,604 [INFO] Epoch 24/50: Train Loss=6.7913, Val Loss=7.5572, F1=0.7640
2025-05-29 15:32:05,613 [INFO] New best model saved: checkpoints/model_D_cycle_1_epoch_23_loss_7.557_f1_0.764.pth
2025-05-29 15:32:05,613 [INFO] Best validation metrics - Loss: 7.5572, F1: 0.7640
2025-05-29 15:32:15,406 [INFO] Epoch 25/50: Train Loss=6.8189, Val Loss=7.7889, F1=0.7650
2025-05-29 15:32:15,415 [INFO] New best model saved: checkpoints/model_D_cycle_1_epoch_24_loss_7.789_f1_0.765.pth
2025-05-29 15:32:15,415 [INFO] Best validation metrics - Loss: 7.7889, F1: 0.7650
2025-05-29 15:32:25,232 [INFO] Epoch 26/50: Train Loss=6.7541, Val Loss=7.7124, F1=0.7405
2025-05-29 15:32:35,008 [INFO] Epoch 27/50: Train Loss=6.7551, Val Loss=7.7119, F1=0.7546
2025-05-29 15:32:44,744 [INFO] Epoch 28/50: Train Loss=6.7512, Val Loss=7.7514, F1=0.7530
2025-05-29 15:32:54,578 [INFO] Epoch 29/50: Train Loss=6.7129, Val Loss=7.6581, F1=0.7517
2025-05-29 15:33:04,349 [INFO] Epoch 30/50: Train Loss=6.6872, Val Loss=7.7370, F1=0.7624
2025-05-29 15:33:04,350 [INFO] Cycle 1, Epoch 30, LR 5.000e-05, Train Loss: 6.6872, Val Loss: 7.7370, Val F1: 0.7624
2025-05-29 15:33:14,079 [INFO] Epoch 31/50: Train Loss=6.6658, Val Loss=7.7883, F1=0.7584
2025-05-29 15:33:23,856 [INFO] Epoch 32/50: Train Loss=6.6933, Val Loss=7.6408, F1=0.7628
2025-05-29 15:33:33,673 [INFO] Epoch 33/50: Train Loss=6.6440, Val Loss=7.6074, F1=0.7505
2025-05-29 15:33:43,445 [INFO] Epoch 34/50: Train Loss=6.6075, Val Loss=7.5869, F1=0.7484
2025-05-29 15:33:53,241 [INFO] Epoch 35/50: Train Loss=6.6016, Val Loss=7.9538, F1=0.7571
2025-05-29 15:34:03,022 [INFO] Epoch 36/50: Train Loss=6.5130, Val Loss=7.7055, F1=0.7557
2025-05-29 15:34:12,812 [INFO] Epoch 37/50: Train Loss=6.4390, Val Loss=7.7238, F1=0.7513
2025-05-29 15:34:22,606 [INFO] Epoch 38/50: Train Loss=6.4156, Val Loss=7.6469, F1=0.7647
2025-05-29 15:34:32,331 [INFO] Epoch 39/50: Train Loss=6.4142, Val Loss=7.4560, F1=0.7508
2025-05-29 15:34:42,115 [INFO] Epoch 40/50: Train Loss=6.3713, Val Loss=7.5762, F1=0.7594
2025-05-29 15:34:42,115 [INFO] Cycle 1, Epoch 40, LR 3.500e-05, Train Loss: 6.3713, Val Loss: 7.5762, Val F1: 0.7594
2025-05-29 15:34:51,955 [INFO] Epoch 41/50: Train Loss=6.3667, Val Loss=7.5993, F1=0.7563
2025-05-29 15:34:51,967 [INFO] Reloading best model: checkpoints/model_D_cycle_1_epoch_24_loss_7.789_f1_0.765.pth
2025-05-29 15:35:01,726 [INFO] Epoch 42/50: Train Loss=6.6826, Val Loss=7.5703, F1=0.7549
2025-05-29 15:35:11,466 [INFO] Epoch 43/50: Train Loss=6.6872, Val Loss=7.8316, F1=0.7446
2025-05-29 15:35:21,186 [INFO] Epoch 44/50: Train Loss=6.5571, Val Loss=7.8333, F1=0.7589
2025-05-29 15:35:30,908 [INFO] Epoch 45/50: Train Loss=6.6487, Val Loss=7.7215, F1=0.7501
2025-05-29 15:35:40,636 [INFO] Epoch 46/50: Train Loss=6.5451, Val Loss=7.6378, F1=0.7552
2025-05-29 15:35:40,637 [INFO] Early stopping triggered at epoch 45
2025-05-29 15:35:40,638 [INFO] Cycle 1 completed:
2025-05-29 15:35:40,639 [INFO] - Final validation loss: 7.7889
2025-05-29 15:35:40,639 [INFO] - Final F1 score: 0.7650
2025-05-29 15:35:40,641 [INFO] 
Starting cycle 2 with seed 2
2025-05-29 15:36:18,175 [INFO] 
Starting training cycle 2
2025-05-29 15:36:18,354 [INFO] Loaded pretrained model: checkpoints/model_ABCD_cycle_2_epoch_919_loss_0.697_f1_0.764.pth
2025-05-29 15:36:29,339 [INFO] Epoch 1/50: Train Loss=9.5146, Val Loss=10.9797, F1=0.7006
2025-05-29 15:36:29,350 [INFO] New best model saved: checkpoints/model_D_cycle_2_epoch_0_loss_10.980_f1_0.701.pth
2025-05-29 15:36:29,351 [INFO] Best validation metrics - Loss: 10.9797, F1: 0.7006
2025-05-29 15:36:40,218 [INFO] Epoch 2/50: Train Loss=8.7294, Val Loss=9.8564, F1=0.7128
2025-05-29 15:36:40,228 [INFO] New best model saved: checkpoints/model_D_cycle_2_epoch_1_loss_9.856_f1_0.713.pth
2025-05-29 15:36:40,229 [INFO] Best validation metrics - Loss: 9.8564, F1: 0.7128
2025-05-29 15:36:51,130 [INFO] Epoch 3/50: Train Loss=8.0394, Val Loss=9.3014, F1=0.7203
2025-05-29 15:36:51,141 [INFO] New best model saved: checkpoints/model_D_cycle_2_epoch_2_loss_9.301_f1_0.720.pth
2025-05-29 15:36:51,142 [INFO] Best validation metrics - Loss: 9.3014, F1: 0.7203
2025-05-29 15:37:01,935 [INFO] Epoch 4/50: Train Loss=7.7627, Val Loss=9.0651, F1=0.7196
2025-05-29 15:37:01,936 [INFO] Warm-up epochs finished
2025-05-29 15:37:12,818 [INFO] Epoch 5/50: Train Loss=7.7969, Val Loss=8.8149, F1=0.7030
2025-05-29 15:37:23,705 [INFO] Epoch 6/50: Train Loss=7.4942, Val Loss=8.4232, F1=0.7486
2025-05-29 15:37:23,715 [INFO] New best model saved: checkpoints/model_D_cycle_2_epoch_5_loss_8.423_f1_0.749.pth
2025-05-29 15:37:23,716 [INFO] Best validation metrics - Loss: 8.4232, F1: 0.7486
2025-05-29 15:37:34,448 [INFO] Epoch 7/50: Train Loss=7.4347, Val Loss=8.5439, F1=0.7474
2025-05-29 15:37:45,168 [INFO] Epoch 8/50: Train Loss=7.3110, Val Loss=8.6983, F1=0.7346
2025-05-29 15:37:55,972 [INFO] Epoch 9/50: Train Loss=7.2372, Val Loss=8.3946, F1=0.7146
2025-05-29 15:38:06,661 [INFO] Epoch 10/50: Train Loss=7.1234, Val Loss=8.2399, F1=0.7375
2025-05-29 15:38:06,661 [INFO] Cycle 2, Epoch 10, LR 5.000e-05, Train Loss: 7.1234, Val Loss: 8.2399, Val F1: 0.7375
2025-05-29 15:38:17,374 [INFO] Epoch 11/50: Train Loss=7.0617, Val Loss=8.2095, F1=0.7497
2025-05-29 15:38:17,385 [INFO] New best model saved: checkpoints/model_D_cycle_2_epoch_10_loss_8.209_f1_0.750.pth
2025-05-29 15:38:17,386 [INFO] Best validation metrics - Loss: 8.2095, F1: 0.7497
2025-05-29 15:38:28,050 [INFO] Epoch 12/50: Train Loss=7.0434, Val Loss=8.2029, F1=0.7400
2025-05-29 15:38:38,694 [INFO] Epoch 13/50: Train Loss=7.0301, Val Loss=8.3241, F1=0.7356
2025-05-29 15:38:49,404 [INFO] Epoch 14/50: Train Loss=6.9891, Val Loss=8.2179, F1=0.7436
2025-05-29 15:39:00,143 [INFO] Epoch 15/50: Train Loss=6.8971, Val Loss=8.1425, F1=0.7329
2025-05-29 15:39:10,769 [INFO] Epoch 16/50: Train Loss=6.8215, Val Loss=8.1567, F1=0.7475
2025-05-29 15:39:21,416 [INFO] Epoch 17/50: Train Loss=6.8977, Val Loss=8.2462, F1=0.7273
2025-05-29 15:39:32,049 [INFO] Epoch 18/50: Train Loss=6.8648, Val Loss=8.2488, F1=0.7441
2025-05-29 15:39:42,678 [INFO] Epoch 19/50: Train Loss=6.8220, Val Loss=8.3865, F1=0.7322
2025-05-29 15:39:53,333 [INFO] Epoch 20/50: Train Loss=6.8198, Val Loss=7.9539, F1=0.7422
2025-05-29 15:39:53,334 [INFO] Cycle 2, Epoch 20, LR 5.000e-05, Train Loss: 6.8198, Val Loss: 7.9539, Val F1: 0.7422
2025-05-29 15:40:04,016 [INFO] Epoch 21/50: Train Loss=6.6929, Val Loss=8.3499, F1=0.7455
2025-05-29 15:40:14,689 [INFO] Epoch 22/50: Train Loss=6.7225, Val Loss=8.2286, F1=0.7433
2025-05-29 15:40:25,335 [INFO] Epoch 23/50: Train Loss=6.5392, Val Loss=8.1253, F1=0.7321
2025-05-29 15:40:35,987 [INFO] Epoch 24/50: Train Loss=6.5454, Val Loss=8.2157, F1=0.7411
2025-05-29 15:40:46,740 [INFO] Epoch 25/50: Train Loss=6.4613, Val Loss=8.1807, F1=0.7447
2025-05-29 15:40:57,384 [INFO] Epoch 26/50: Train Loss=6.4702, Val Loss=7.9650, F1=0.7438
2025-05-29 15:41:08,036 [INFO] Epoch 27/50: Train Loss=6.4922, Val Loss=8.1371, F1=0.7388
2025-05-29 15:41:18,646 [INFO] Epoch 28/50: Train Loss=6.3880, Val Loss=8.1631, F1=0.7554
2025-05-29 15:41:18,656 [INFO] New best model saved: checkpoints/model_D_cycle_2_epoch_27_loss_8.163_f1_0.755.pth
2025-05-29 15:41:18,657 [INFO] Best validation metrics - Loss: 8.1631, F1: 0.7554
2025-05-29 15:41:29,296 [INFO] Epoch 29/50: Train Loss=6.3933, Val Loss=8.2100, F1=0.7231
2025-05-29 15:41:39,834 [INFO] Epoch 30/50: Train Loss=6.4329, Val Loss=8.0558, F1=0.7423
2025-05-29 15:41:39,834 [INFO] Cycle 2, Epoch 30, LR 3.500e-05, Train Loss: 6.4329, Val Loss: 8.0558, Val F1: 0.7423
2025-05-29 15:41:50,489 [INFO] Epoch 31/50: Train Loss=6.3791, Val Loss=8.2061, F1=0.7414
2025-05-29 15:42:01,131 [INFO] Epoch 32/50: Train Loss=6.3641, Val Loss=8.0222, F1=0.7434
2025-05-29 15:42:11,724 [INFO] Epoch 33/50: Train Loss=6.3722, Val Loss=8.0891, F1=0.7484
2025-05-29 15:42:22,374 [INFO] Epoch 34/50: Train Loss=6.2935, Val Loss=8.1072, F1=0.7491
2025-05-29 15:42:33,022 [INFO] Epoch 35/50: Train Loss=6.3495, Val Loss=8.0719, F1=0.7254
2025-05-29 15:42:43,556 [INFO] Epoch 36/50: Train Loss=6.3193, Val Loss=8.0695, F1=0.7367
2025-05-29 15:42:54,196 [INFO] Epoch 37/50: Train Loss=6.2879, Val Loss=7.9940, F1=0.7468
2025-05-29 15:43:04,816 [INFO] Epoch 38/50: Train Loss=6.3141, Val Loss=8.1426, F1=0.7449
2025-05-29 15:43:15,452 [INFO] Epoch 39/50: Train Loss=6.2366, Val Loss=8.0527, F1=0.7404
2025-05-29 15:43:26,083 [INFO] Epoch 40/50: Train Loss=6.1860, Val Loss=7.9909, F1=0.7470
2025-05-29 15:43:26,084 [INFO] Cycle 2, Epoch 40, LR 2.450e-05, Train Loss: 6.1860, Val Loss: 7.9909, Val F1: 0.7470
2025-05-29 15:43:36,640 [INFO] Epoch 41/50: Train Loss=6.1290, Val Loss=8.0473, F1=0.7387
2025-05-29 15:43:36,656 [INFO] Reloading best model: checkpoints/model_D_cycle_2_epoch_27_loss_8.163_f1_0.755.pth
2025-05-29 15:43:47,268 [INFO] Epoch 42/50: Train Loss=6.3479, Val Loss=8.1049, F1=0.7432
2025-05-29 15:43:57,902 [INFO] Epoch 43/50: Train Loss=6.2897, Val Loss=7.9538, F1=0.7340
2025-05-29 15:44:08,474 [INFO] Epoch 44/50: Train Loss=6.2930, Val Loss=8.0546, F1=0.7504
2025-05-29 15:44:19,103 [INFO] Epoch 45/50: Train Loss=6.2630, Val Loss=8.0295, F1=0.7548
2025-05-29 15:44:29,766 [INFO] Epoch 46/50: Train Loss=6.2724, Val Loss=8.1648, F1=0.7392
2025-05-29 15:44:40,407 [INFO] Epoch 47/50: Train Loss=6.2088, Val Loss=8.0436, F1=0.7489
2025-05-29 15:44:51,098 [INFO] Epoch 48/50: Train Loss=6.2079, Val Loss=8.0913, F1=0.7390
2025-05-29 15:45:01,716 [INFO] Epoch 49/50: Train Loss=6.2207, Val Loss=8.0709, F1=0.7397
2025-05-29 15:45:01,717 [INFO] Early stopping triggered at epoch 48
2025-05-29 15:45:01,719 [INFO] Cycle 2 completed:
2025-05-29 15:45:01,720 [INFO] - Final validation loss: 8.1631
2025-05-29 15:45:01,720 [INFO] - Final F1 score: 0.7554
2025-05-29 15:45:01,721 [INFO] 
Starting cycle 3 with seed 3
2025-05-29 15:45:39,337 [INFO] 
Starting training cycle 3
2025-05-29 15:45:39,364 [INFO] Loaded pretrained model: checkpoints/model_ABCD_cycle_3_epoch_999_loss_0.677_f1_0.772.pth
2025-05-29 15:45:49,637 [INFO] Epoch 1/50: Train Loss=9.3398, Val Loss=10.5673, F1=0.7157
2025-05-29 15:45:49,646 [INFO] New best model saved: checkpoints/model_D_cycle_3_epoch_0_loss_10.567_f1_0.716.pth
2025-05-29 15:45:49,647 [INFO] Best validation metrics - Loss: 10.5673, F1: 0.7157
2025-05-29 15:45:59,868 [INFO] Epoch 2/50: Train Loss=8.3351, Val Loss=9.1623, F1=0.7252
2025-05-29 15:45:59,877 [INFO] New best model saved: checkpoints/model_D_cycle_3_epoch_1_loss_9.162_f1_0.725.pth
2025-05-29 15:45:59,878 [INFO] Best validation metrics - Loss: 9.1623, F1: 0.7252
2025-05-29 15:46:10,062 [INFO] Epoch 3/50: Train Loss=7.7022, Val Loss=8.5777, F1=0.7463
2025-05-29 15:46:10,071 [INFO] New best model saved: checkpoints/model_D_cycle_3_epoch_2_loss_8.578_f1_0.746.pth
2025-05-29 15:46:10,072 [INFO] Best validation metrics - Loss: 8.5777, F1: 0.7463
2025-05-29 15:46:20,298 [INFO] Epoch 4/50: Train Loss=7.5698, Val Loss=8.3409, F1=0.7469
2025-05-29 15:46:20,307 [INFO] New best model saved: checkpoints/model_D_cycle_3_epoch_3_loss_8.341_f1_0.747.pth
2025-05-29 15:46:20,308 [INFO] Best validation metrics - Loss: 8.3409, F1: 0.7469
2025-05-29 15:46:20,308 [INFO] Warm-up epochs finished
2025-05-29 15:46:30,535 [INFO] Epoch 5/50: Train Loss=7.5523, Val Loss=8.1707, F1=0.7585
2025-05-29 15:46:30,544 [INFO] New best model saved: checkpoints/model_D_cycle_3_epoch_4_loss_8.171_f1_0.758.pth
2025-05-29 15:46:30,545 [INFO] Best validation metrics - Loss: 8.1707, F1: 0.7585
2025-05-29 15:46:40,794 [INFO] Epoch 6/50: Train Loss=7.3687, Val Loss=8.1301, F1=0.7275
2025-05-29 15:46:50,998 [INFO] Epoch 7/50: Train Loss=7.2016, Val Loss=8.0176, F1=0.7497
2025-05-29 15:47:01,201 [INFO] Epoch 8/50: Train Loss=7.1751, Val Loss=8.0505, F1=0.7479
2025-05-29 15:47:11,467 [INFO] Epoch 9/50: Train Loss=7.0942, Val Loss=8.3225, F1=0.7533
2025-05-29 15:47:21,711 [INFO] Epoch 10/50: Train Loss=7.0010, Val Loss=8.0026, F1=0.7382
2025-05-29 15:47:21,712 [INFO] Cycle 3, Epoch 10, LR 5.000e-05, Train Loss: 7.0010, Val Loss: 8.0026, Val F1: 0.7382
2025-05-29 15:47:31,980 [INFO] Epoch 11/50: Train Loss=6.9443, Val Loss=8.1542, F1=0.7512
2025-05-29 15:47:42,265 [INFO] Epoch 12/50: Train Loss=6.9441, Val Loss=8.0893, F1=0.7539
2025-05-29 15:47:52,570 [INFO] Epoch 13/50: Train Loss=6.9184, Val Loss=7.9649, F1=0.7621
2025-05-29 15:47:52,579 [INFO] New best model saved: checkpoints/model_D_cycle_3_epoch_12_loss_7.965_f1_0.762.pth
2025-05-29 15:47:52,580 [INFO] Best validation metrics - Loss: 7.9649, F1: 0.7621
2025-05-29 15:48:02,840 [INFO] Epoch 14/50: Train Loss=6.8928, Val Loss=7.8704, F1=0.7524
2025-05-29 15:48:13,081 [INFO] Epoch 15/50: Train Loss=6.8221, Val Loss=7.8513, F1=0.7462
2025-05-29 15:48:23,314 [INFO] Epoch 16/50: Train Loss=6.7628, Val Loss=8.1920, F1=0.7489
2025-05-29 15:48:33,543 [INFO] Epoch 17/50: Train Loss=6.7615, Val Loss=7.8977, F1=0.7573
2025-05-29 15:48:43,757 [INFO] Epoch 18/50: Train Loss=6.6949, Val Loss=8.1945, F1=0.7425
2025-05-29 15:48:53,984 [INFO] Epoch 19/50: Train Loss=6.7158, Val Loss=7.9116, F1=0.7444
2025-05-29 15:49:04,206 [INFO] Epoch 20/50: Train Loss=6.6706, Val Loss=8.0498, F1=0.7495
2025-05-29 15:49:04,207 [INFO] Cycle 3, Epoch 20, LR 5.000e-05, Train Loss: 6.6706, Val Loss: 8.0498, Val F1: 0.7495
2025-05-29 15:49:14,404 [INFO] Epoch 21/50: Train Loss=6.6096, Val Loss=7.8301, F1=0.7537
2025-05-29 15:49:24,652 [INFO] Epoch 22/50: Train Loss=6.5176, Val Loss=7.8920, F1=0.7404
2025-05-29 15:49:34,818 [INFO] Epoch 23/50: Train Loss=6.4677, Val Loss=8.1330, F1=0.7563
2025-05-29 15:49:45,068 [INFO] Epoch 24/50: Train Loss=6.5110, Val Loss=7.9312, F1=0.7571
2025-05-29 15:49:55,294 [INFO] Epoch 25/50: Train Loss=6.3575, Val Loss=8.2460, F1=0.7441
2025-05-29 15:50:05,466 [INFO] Epoch 26/50: Train Loss=6.3231, Val Loss=7.8921, F1=0.7445
2025-05-29 15:50:15,672 [INFO] Epoch 27/50: Train Loss=6.3364, Val Loss=7.7360, F1=0.7509
2025-05-29 15:50:25,885 [INFO] Epoch 28/50: Train Loss=6.2836, Val Loss=7.7843, F1=0.7434
2025-05-29 15:50:36,060 [INFO] Epoch 29/50: Train Loss=6.2015, Val Loss=8.1385, F1=0.7443
2025-05-29 15:50:46,320 [INFO] Epoch 30/50: Train Loss=6.2332, Val Loss=7.8403, F1=0.7549
2025-05-29 15:50:46,321 [INFO] Cycle 3, Epoch 30, LR 3.500e-05, Train Loss: 6.2332, Val Loss: 7.8403, Val F1: 0.7549
2025-05-29 15:50:56,532 [INFO] Epoch 31/50: Train Loss=6.2152, Val Loss=7.6921, F1=0.7538
2025-05-29 15:50:56,546 [INFO] Reloading best model: checkpoints/model_D_cycle_3_epoch_12_loss_7.965_f1_0.762.pth
2025-05-29 15:51:06,757 [INFO] Epoch 32/50: Train Loss=6.6538, Val Loss=7.8006, F1=0.7440
2025-05-29 15:51:16,929 [INFO] Epoch 33/50: Train Loss=6.6645, Val Loss=7.6815, F1=0.7533
2025-05-29 15:51:27,083 [INFO] Epoch 34/50: Train Loss=6.6148, Val Loss=7.8496, F1=0.7522
2025-05-29 15:51:27,084 [INFO] Early stopping triggered at epoch 33
2025-05-29 15:51:27,085 [INFO] Cycle 3 completed:
2025-05-29 15:51:27,086 [INFO] - Final validation loss: 7.9649
2025-05-29 15:51:27,086 [INFO] - Final F1 score: 0.7621
2025-05-29 15:51:27,088 [INFO] 
Starting cycle 4 with seed 4
2025-05-29 15:52:03,888 [INFO] 
Starting training cycle 4
2025-05-29 15:52:04,070 [INFO] Loaded pretrained model: checkpoints/model_ABCD_cycle_1_epoch_780_loss_0.713_f1_0.756.pth
2025-05-29 15:52:14,889 [INFO] Epoch 1/50: Train Loss=10.0732, Val Loss=9.6874, F1=0.7867
2025-05-29 15:52:14,900 [INFO] New best model saved: checkpoints/model_D_cycle_4_epoch_0_loss_9.687_f1_0.787.pth
2025-05-29 15:52:14,901 [INFO] Best validation metrics - Loss: 9.6874, F1: 0.7867
2025-05-29 15:52:25,676 [INFO] Epoch 2/50: Train Loss=9.1921, Val Loss=8.7039, F1=0.7606
2025-05-29 15:52:36,421 [INFO] Epoch 3/50: Train Loss=8.5012, Val Loss=8.0257, F1=0.7658
2025-05-29 15:52:47,216 [INFO] Epoch 4/50: Train Loss=8.1824, Val Loss=7.9197, F1=0.7481
2025-05-29 15:52:47,217 [INFO] Warm-up epochs finished
2025-05-29 15:52:58,020 [INFO] Epoch 5/50: Train Loss=8.0357, Val Loss=7.7722, F1=0.7447
2025-05-29 15:53:08,810 [INFO] Epoch 6/50: Train Loss=7.8860, Val Loss=7.5864, F1=0.7736
2025-05-29 15:53:19,582 [INFO] Epoch 7/50: Train Loss=7.7151, Val Loss=7.6402, F1=0.7634
2025-05-29 15:53:30,342 [INFO] Epoch 8/50: Train Loss=7.6420, Val Loss=7.5997, F1=0.7496
2025-05-29 15:53:41,094 [INFO] Epoch 9/50: Train Loss=7.5996, Val Loss=7.4987, F1=0.7551
2025-05-29 15:53:51,919 [INFO] Epoch 10/50: Train Loss=7.4439, Val Loss=7.2847, F1=0.7773
2025-05-29 15:53:51,919 [INFO] Cycle 4, Epoch 10, LR 5.000e-05, Train Loss: 7.4439, Val Loss: 7.2847, Val F1: 0.7773
2025-05-29 15:54:02,602 [INFO] Epoch 11/50: Train Loss=7.4097, Val Loss=7.5873, F1=0.7448
2025-05-29 15:54:13,401 [INFO] Epoch 12/50: Train Loss=7.3645, Val Loss=7.2976, F1=0.7642
2025-05-29 15:54:24,198 [INFO] Epoch 13/50: Train Loss=7.2942, Val Loss=7.3446, F1=0.7586
2025-05-29 15:54:34,986 [INFO] Epoch 14/50: Train Loss=7.2048, Val Loss=7.3154, F1=0.7628
2025-05-29 15:54:45,776 [INFO] Epoch 15/50: Train Loss=7.2512, Val Loss=7.1707, F1=0.7827
2025-05-29 15:54:56,498 [INFO] Epoch 16/50: Train Loss=7.1697, Val Loss=7.3467, F1=0.7556
2025-05-29 15:55:07,256 [INFO] Epoch 17/50: Train Loss=7.1584, Val Loss=7.3284, F1=0.7846
2025-05-29 15:55:17,999 [INFO] Epoch 18/50: Train Loss=7.1403, Val Loss=7.3213, F1=0.7715
2025-05-29 15:55:28,759 [INFO] Epoch 19/50: Train Loss=7.1054, Val Loss=7.4159, F1=0.7664
2025-05-29 15:55:39,479 [INFO] Epoch 20/50: Train Loss=7.0499, Val Loss=7.2656, F1=0.7690
2025-05-29 15:55:39,479 [INFO] Cycle 4, Epoch 20, LR 5.000e-05, Train Loss: 7.0499, Val Loss: 7.2656, Val F1: 0.7690
2025-05-29 15:55:50,199 [INFO] Epoch 21/50: Train Loss=6.9263, Val Loss=7.2379, F1=0.7673
2025-05-29 15:55:50,214 [INFO] Reloading best model: checkpoints/model_D_cycle_4_epoch_0_loss_9.687_f1_0.787.pth
2025-05-29 15:56:00,960 [INFO] Epoch 22/50: Train Loss=8.5599, Val Loss=7.9018, F1=0.7725
2025-05-29 15:56:00,961 [INFO] Early stopping triggered at epoch 21
2025-05-29 15:56:00,962 [INFO] Cycle 4 completed:
2025-05-29 15:56:00,963 [INFO] - Final validation loss: 9.6874
2025-05-29 15:56:00,963 [INFO] - Final F1 score: 0.7867
2025-05-29 15:56:00,965 [INFO] 
Starting cycle 5 with seed 5
2025-05-29 15:56:38,835 [INFO] 
Starting training cycle 5
2025-05-29 15:56:38,868 [INFO] Loaded pretrained model: checkpoints/model_ABCD_cycle_2_epoch_919_loss_0.697_f1_0.764.pth
2025-05-29 15:56:49,302 [INFO] Epoch 1/50: Train Loss=9.8838, Val Loss=9.3098, F1=0.7767
2025-05-29 15:56:49,311 [INFO] New best model saved: checkpoints/model_D_cycle_5_epoch_0_loss_9.310_f1_0.777.pth
2025-05-29 15:56:49,311 [INFO] Best validation metrics - Loss: 9.3098, F1: 0.7767
2025-05-29 15:56:59,771 [INFO] Epoch 2/50: Train Loss=9.0620, Val Loss=8.3390, F1=0.7755
2025-05-29 15:57:10,242 [INFO] Epoch 3/50: Train Loss=8.3503, Val Loss=7.7892, F1=0.7717
2025-05-29 15:57:20,679 [INFO] Epoch 4/50: Train Loss=8.0705, Val Loss=7.7009, F1=0.7812
2025-05-29 15:57:20,688 [INFO] New best model saved: checkpoints/model_D_cycle_5_epoch_3_loss_7.701_f1_0.781.pth
2025-05-29 15:57:20,689 [INFO] Best validation metrics - Loss: 7.7009, F1: 0.7812
2025-05-29 15:57:20,689 [INFO] Warm-up epochs finished
2025-05-29 15:57:31,095 [INFO] Epoch 5/50: Train Loss=7.9750, Val Loss=7.8662, F1=0.7663
2025-05-29 15:57:41,511 [INFO] Epoch 6/50: Train Loss=7.8084, Val Loss=7.6788, F1=0.7307
2025-05-29 15:57:51,936 [INFO] Epoch 7/50: Train Loss=7.6388, Val Loss=7.5868, F1=0.7594
2025-05-29 15:58:02,358 [INFO] Epoch 8/50: Train Loss=7.5352, Val Loss=7.4737, F1=0.7699
2025-05-29 15:58:12,792 [INFO] Epoch 9/50: Train Loss=7.4212, Val Loss=7.9222, F1=0.7577
2025-05-29 15:58:23,302 [INFO] Epoch 10/50: Train Loss=7.3765, Val Loss=7.4178, F1=0.7552
2025-05-29 15:58:23,303 [INFO] Cycle 5, Epoch 10, LR 5.000e-05, Train Loss: 7.3765, Val Loss: 7.4178, Val F1: 0.7552
2025-05-29 15:58:34,015 [INFO] Epoch 11/50: Train Loss=7.3113, Val Loss=7.3915, F1=0.7718
2025-05-29 15:58:44,666 [INFO] Epoch 12/50: Train Loss=7.1815, Val Loss=7.5950, F1=0.7564
2025-05-29 15:58:55,105 [INFO] Epoch 13/50: Train Loss=7.2062, Val Loss=7.7138, F1=0.7592
2025-05-29 15:59:05,737 [INFO] Epoch 14/50: Train Loss=7.1496, Val Loss=7.4458, F1=0.7489
2025-05-29 15:59:16,802 [INFO] Epoch 15/50: Train Loss=7.1265, Val Loss=7.5411, F1=0.7582
2025-05-29 15:59:27,797 [INFO] Epoch 16/50: Train Loss=7.0214, Val Loss=7.8371, F1=0.7559
2025-05-29 15:59:38,489 [INFO] Epoch 17/50: Train Loss=7.0182, Val Loss=7.5876, F1=0.7559
2025-05-29 15:59:49,288 [INFO] Epoch 18/50: Train Loss=7.0049, Val Loss=7.5009, F1=0.7609
2025-05-29 15:59:59,888 [INFO] Epoch 19/50: Train Loss=6.9618, Val Loss=7.7369, F1=0.7674
2025-05-29 16:00:10,460 [INFO] Epoch 20/50: Train Loss=6.9813, Val Loss=7.4991, F1=0.7582
2025-05-29 16:00:10,461 [INFO] Cycle 5, Epoch 20, LR 5.000e-05, Train Loss: 6.9813, Val Loss: 7.4991, Val F1: 0.7582
2025-05-29 16:00:21,021 [INFO] Epoch 21/50: Train Loss=6.9236, Val Loss=7.5562, F1=0.7632
2025-05-29 16:00:21,034 [INFO] Reloading best model: checkpoints/model_D_cycle_5_epoch_3_loss_7.701_f1_0.781.pth
2025-05-29 16:00:31,539 [INFO] Epoch 22/50: Train Loss=7.9972, Val Loss=7.4519, F1=0.7717
2025-05-29 16:00:42,053 [INFO] Epoch 23/50: Train Loss=7.6883, Val Loss=7.4458, F1=0.7735
2025-05-29 16:00:52,541 [INFO] Epoch 24/50: Train Loss=7.4978, Val Loss=7.6337, F1=0.7644
2025-05-29 16:01:02,956 [INFO] Epoch 25/50: Train Loss=7.4472, Val Loss=7.7682, F1=0.7732
2025-05-29 16:01:02,957 [INFO] Early stopping triggered at epoch 24
2025-05-29 16:01:02,959 [INFO] Cycle 5 completed:
2025-05-29 16:01:02,960 [INFO] - Final validation loss: 7.7009
2025-05-29 16:01:02,960 [INFO] - Final F1 score: 0.7812
2025-05-29 16:01:02,961 [INFO] Saved paths of the best models to model_paths_D.txt
2025-05-29 16:01:03,254 [INFO] Generating predictions for /content/DL_HACKATON/datasets/D/test.json.gz
2025-05-29 16:01:51,480 [INFO] Model weights for ensemble:
2025-05-29 16:01:51,481 [INFO] Model: model_D_cycle_1_epoch_24_loss_7.789_f1_0.765.pth
2025-05-29 16:01:51,481 [INFO] - Loss: 0.7650
2025-05-29 16:01:51,482 [INFO] - Weight: 0.1990
2025-05-29 16:01:51,483 [INFO] Model: model_D_cycle_2_epoch_27_loss_8.163_f1_0.755.pth
2025-05-29 16:01:51,483 [INFO] - Loss: 0.7554
2025-05-29 16:01:51,484 [INFO] - Weight: 0.1971
2025-05-29 16:01:51,484 [INFO] Model: model_D_cycle_3_epoch_12_loss_7.965_f1_0.762.pth
2025-05-29 16:01:51,485 [INFO] - Loss: 0.7621
2025-05-29 16:01:51,486 [INFO] - Weight: 0.1984
2025-05-29 16:01:51,486 [INFO] Model: model_D_cycle_4_epoch_0_loss_9.687_f1_0.787.pth
2025-05-29 16:01:51,486 [INFO] - Loss: 0.7867
2025-05-29 16:01:51,487 [INFO] - Weight: 0.2033
2025-05-29 16:01:51,487 [INFO] Model: model_D_cycle_5_epoch_3_loss_7.701_f1_0.781.pth
2025-05-29 16:01:51,488 [INFO] - Loss: 0.7812
2025-05-29 16:01:51,488 [INFO] - Weight: 0.2022
2025-05-29 16:01:51,496 [INFO] 
Ensemble prediction statistics:
2025-05-29 16:01:51,497 [INFO] Class 0: 301 samples
2025-05-29 16:01:51,497 [INFO] Class 1: 100 samples
2025-05-29 16:01:51,497 [INFO] Class 2: 375 samples
2025-05-29 16:01:51,498 [INFO] Class 3: 207 samples
2025-05-29 16:01:51,499 [INFO] Class 4: 1158 samples
2025-05-29 16:01:51,499 [INFO] Class 5: 109 samples
2025-05-29 16:01:51,500 [INFO] Average confidence: 0.8879
2025-05-29 16:01:51,500 [INFO] Min confidence: 0.2033
2025-05-29 16:01:51,501 [INFO] Max confidence: 1.0000
2025-05-29 16:01:51,584 [INFO] Saved predictions to submission/testset_D.csv
