2025-05-29 14:36:14,556 [INFO] Starting training using /content/DL_HACKATON/datasets/B/train.json.gz
2025-05-29 14:37:38,707 [INFO] Loaded 3 pretrained models from /content/DL_HACKATON/model_paths_ABCD.txt
2025-05-29 14:37:38,713 [INFO] 
Starting cycle 1 with seed 1
2025-05-29 14:37:58,701 [INFO] 
Starting training cycle 1
2025-05-29 14:37:58,917 [INFO] Loaded pretrained model: checkpoints/model_ABCD_cycle_1_epoch_780_loss_0.713_f1_0.756.pth
2025-05-29 14:38:10,436 [INFO] Epoch 1/50: Train Loss=17.5424, Val Loss=19.9245, F1=0.4521
2025-05-29 14:38:10,446 [INFO] New best model saved: checkpoints/model_B_cycle_1_epoch_0_loss_19.925_f1_0.452.pth
2025-05-29 14:38:10,447 [INFO] Best validation metrics - Loss: 19.9245, F1: 0.4521
2025-05-29 14:38:19,836 [INFO] Epoch 2/50: Train Loss=16.8883, Val Loss=18.5399, F1=0.4972
2025-05-29 14:38:19,845 [INFO] New best model saved: checkpoints/model_B_cycle_1_epoch_1_loss_18.540_f1_0.497.pth
2025-05-29 14:38:19,846 [INFO] Best validation metrics - Loss: 18.5399, F1: 0.4972
2025-05-29 14:38:29,348 [INFO] Epoch 3/50: Train Loss=16.0463, Val Loss=17.4591, F1=0.5176
2025-05-29 14:38:29,358 [INFO] New best model saved: checkpoints/model_B_cycle_1_epoch_2_loss_17.459_f1_0.518.pth
2025-05-29 14:38:29,358 [INFO] Best validation metrics - Loss: 17.4591, F1: 0.5176
2025-05-29 14:38:38,884 [INFO] Epoch 4/50: Train Loss=15.6704, Val Loss=17.2401, F1=0.5226
2025-05-29 14:38:38,893 [INFO] New best model saved: checkpoints/model_B_cycle_1_epoch_3_loss_17.240_f1_0.523.pth
2025-05-29 14:38:38,894 [INFO] Best validation metrics - Loss: 17.2401, F1: 0.5226
2025-05-29 14:38:38,894 [INFO] Warm-up epochs finished
2025-05-29 14:38:48,400 [INFO] Epoch 5/50: Train Loss=15.5014, Val Loss=16.7980, F1=0.5286
2025-05-29 14:38:48,409 [INFO] New best model saved: checkpoints/model_B_cycle_1_epoch_4_loss_16.798_f1_0.529.pth
2025-05-29 14:38:48,410 [INFO] Best validation metrics - Loss: 16.7980, F1: 0.5286
2025-05-29 14:38:57,910 [INFO] Epoch 6/50: Train Loss=15.2634, Val Loss=16.8676, F1=0.5393
2025-05-29 14:38:57,919 [INFO] New best model saved: checkpoints/model_B_cycle_1_epoch_5_loss_16.868_f1_0.539.pth
2025-05-29 14:38:57,919 [INFO] Best validation metrics - Loss: 16.8676, F1: 0.5393
2025-05-29 14:39:07,449 [INFO] Epoch 7/50: Train Loss=15.0509, Val Loss=17.2140, F1=0.5372
2025-05-29 14:39:16,968 [INFO] Epoch 8/50: Train Loss=14.9445, Val Loss=16.4450, F1=0.5472
2025-05-29 14:39:16,977 [INFO] New best model saved: checkpoints/model_B_cycle_1_epoch_7_loss_16.445_f1_0.547.pth
2025-05-29 14:39:16,978 [INFO] Best validation metrics - Loss: 16.4450, F1: 0.5472
2025-05-29 14:39:26,517 [INFO] Epoch 9/50: Train Loss=14.8887, Val Loss=16.4343, F1=0.5368
2025-05-29 14:39:36,033 [INFO] Epoch 10/50: Train Loss=14.8162, Val Loss=16.5662, F1=0.5468
2025-05-29 14:39:36,033 [INFO] Cycle 1, Epoch 10, LR 5.000e-05, Train Loss: 14.8162, Val Loss: 16.5662, Val F1: 0.5468
2025-05-29 14:39:45,558 [INFO] Epoch 11/50: Train Loss=14.6873, Val Loss=16.3487, F1=0.5441
2025-05-29 14:39:55,093 [INFO] Epoch 12/50: Train Loss=14.6968, Val Loss=16.3340, F1=0.5343
2025-05-29 14:40:04,616 [INFO] Epoch 13/50: Train Loss=14.5525, Val Loss=16.6164, F1=0.5511
2025-05-29 14:40:04,625 [INFO] New best model saved: checkpoints/model_B_cycle_1_epoch_12_loss_16.616_f1_0.551.pth
2025-05-29 14:40:04,626 [INFO] Best validation metrics - Loss: 16.6164, F1: 0.5511
2025-05-29 14:40:14,143 [INFO] Epoch 14/50: Train Loss=14.5380, Val Loss=16.3936, F1=0.5487
2025-05-29 14:40:23,637 [INFO] Epoch 15/50: Train Loss=14.4948, Val Loss=16.5209, F1=0.5463
2025-05-29 14:40:33,167 [INFO] Epoch 16/50: Train Loss=14.4548, Val Loss=16.3500, F1=0.5506
2025-05-29 14:40:42,687 [INFO] Epoch 17/50: Train Loss=14.5046, Val Loss=16.3928, F1=0.5428
2025-05-29 14:40:52,191 [INFO] Epoch 18/50: Train Loss=14.3712, Val Loss=16.5209, F1=0.5420
2025-05-29 14:41:01,726 [INFO] Epoch 19/50: Train Loss=14.3417, Val Loss=16.3195, F1=0.5562
2025-05-29 14:41:01,735 [INFO] New best model saved: checkpoints/model_B_cycle_1_epoch_18_loss_16.319_f1_0.556.pth
2025-05-29 14:41:01,736 [INFO] Best validation metrics - Loss: 16.3195, F1: 0.5562
2025-05-29 14:41:11,222 [INFO] Epoch 20/50: Train Loss=14.2788, Val Loss=16.4331, F1=0.5476
2025-05-29 14:41:11,223 [INFO] Cycle 1, Epoch 20, LR 5.000e-05, Train Loss: 14.2788, Val Loss: 16.4331, Val F1: 0.5476
2025-05-29 14:41:20,751 [INFO] Epoch 21/50: Train Loss=14.2773, Val Loss=16.6444, F1=0.5452
2025-05-29 14:41:30,245 [INFO] Epoch 22/50: Train Loss=14.2248, Val Loss=16.5577, F1=0.5458
2025-05-29 14:41:39,754 [INFO] Epoch 23/50: Train Loss=14.2905, Val Loss=16.4649, F1=0.5476
2025-05-29 14:41:49,165 [INFO] Epoch 24/50: Train Loss=14.1899, Val Loss=16.2713, F1=0.5507
2025-05-29 14:41:58,691 [INFO] Epoch 25/50: Train Loss=14.1639, Val Loss=16.9336, F1=0.5277
2025-05-29 14:42:08,301 [INFO] Epoch 26/50: Train Loss=14.1172, Val Loss=16.8138, F1=0.5467
2025-05-29 14:42:17,915 [INFO] Epoch 27/50: Train Loss=14.1064, Val Loss=16.5205, F1=0.5341
2025-05-29 14:42:27,538 [INFO] Epoch 28/50: Train Loss=14.0854, Val Loss=17.1012, F1=0.5231
2025-05-29 14:42:37,174 [INFO] Epoch 29/50: Train Loss=14.0538, Val Loss=16.3454, F1=0.5524
2025-05-29 14:42:46,795 [INFO] Epoch 30/50: Train Loss=14.0336, Val Loss=16.1749, F1=0.5483
2025-05-29 14:42:46,796 [INFO] Cycle 1, Epoch 30, LR 5.000e-05, Train Loss: 14.0336, Val Loss: 16.1749, Val F1: 0.5483
2025-05-29 14:42:56,443 [INFO] Epoch 31/50: Train Loss=13.8780, Val Loss=16.3587, F1=0.5452
2025-05-29 14:42:56,457 [INFO] Reloading best model: checkpoints/model_B_cycle_1_epoch_18_loss_16.319_f1_0.556.pth
2025-05-29 14:43:06,111 [INFO] Epoch 32/50: Train Loss=14.1255, Val Loss=16.3786, F1=0.5458
2025-05-29 14:43:15,738 [INFO] Epoch 33/50: Train Loss=14.0884, Val Loss=16.2641, F1=0.5459
2025-05-29 14:43:25,366 [INFO] Epoch 34/50: Train Loss=14.1861, Val Loss=16.2494, F1=0.5499
2025-05-29 14:43:34,994 [INFO] Epoch 35/50: Train Loss=14.0503, Val Loss=16.4425, F1=0.5507
2025-05-29 14:43:44,650 [INFO] Epoch 36/50: Train Loss=13.9829, Val Loss=16.4082, F1=0.5466
2025-05-29 14:43:54,286 [INFO] Epoch 37/50: Train Loss=14.0629, Val Loss=16.2903, F1=0.5487
2025-05-29 14:44:03,907 [INFO] Epoch 38/50: Train Loss=14.0449, Val Loss=16.6743, F1=0.5466
2025-05-29 14:44:13,541 [INFO] Epoch 39/50: Train Loss=13.9713, Val Loss=16.3319, F1=0.5485
2025-05-29 14:44:23,185 [INFO] Epoch 40/50: Train Loss=13.9233, Val Loss=16.6451, F1=0.5444
2025-05-29 14:44:23,185 [INFO] Cycle 1, Epoch 40, LR 3.500e-05, Train Loss: 13.9233, Val Loss: 16.6451, Val F1: 0.5444
2025-05-29 14:44:23,186 [INFO] Early stopping triggered at epoch 39
2025-05-29 14:44:23,187 [INFO] Cycle 1 completed:
2025-05-29 14:44:23,188 [INFO] - Final validation loss: 16.3195
2025-05-29 14:44:23,188 [INFO] - Final F1 score: 0.5562
2025-05-29 14:44:23,190 [INFO] 
Starting cycle 2 with seed 2
2025-05-29 14:44:43,175 [INFO] 
Starting training cycle 2
2025-05-29 14:44:43,237 [INFO] Loaded pretrained model: checkpoints/model_ABCD_cycle_2_epoch_919_loss_0.697_f1_0.764.pth
2025-05-29 14:44:53,372 [INFO] Epoch 1/50: Train Loss=17.3790, Val Loss=19.8184, F1=0.4574
2025-05-29 14:44:53,384 [INFO] New best model saved: checkpoints/model_B_cycle_2_epoch_0_loss_19.818_f1_0.457.pth
2025-05-29 14:44:53,385 [INFO] Best validation metrics - Loss: 19.8184, F1: 0.4574
2025-05-29 14:45:03,472 [INFO] Epoch 2/50: Train Loss=16.7470, Val Loss=18.6355, F1=0.4931
2025-05-29 14:45:03,482 [INFO] New best model saved: checkpoints/model_B_cycle_2_epoch_1_loss_18.635_f1_0.493.pth
2025-05-29 14:45:03,483 [INFO] Best validation metrics - Loss: 18.6355, F1: 0.4931
2025-05-29 14:45:13,240 [INFO] Epoch 3/50: Train Loss=15.9504, Val Loss=17.6158, F1=0.5110
2025-05-29 14:45:13,250 [INFO] New best model saved: checkpoints/model_B_cycle_2_epoch_2_loss_17.616_f1_0.511.pth
2025-05-29 14:45:13,251 [INFO] Best validation metrics - Loss: 17.6158, F1: 0.5110
2025-05-29 14:45:23,367 [INFO] Epoch 4/50: Train Loss=15.4960, Val Loss=17.0287, F1=0.5278
2025-05-29 14:45:23,378 [INFO] New best model saved: checkpoints/model_B_cycle_2_epoch_3_loss_17.029_f1_0.528.pth
2025-05-29 14:45:23,379 [INFO] Best validation metrics - Loss: 17.0287, F1: 0.5278
2025-05-29 14:45:23,380 [INFO] Warm-up epochs finished
2025-05-29 14:45:33,629 [INFO] Epoch 5/50: Train Loss=15.3465, Val Loss=16.8552, F1=0.5377
2025-05-29 14:45:33,641 [INFO] New best model saved: checkpoints/model_B_cycle_2_epoch_4_loss_16.855_f1_0.538.pth
2025-05-29 14:45:33,642 [INFO] Best validation metrics - Loss: 16.8552, F1: 0.5377
2025-05-29 14:45:43,900 [INFO] Epoch 6/50: Train Loss=15.1854, Val Loss=16.4910, F1=0.5414
2025-05-29 14:45:43,911 [INFO] New best model saved: checkpoints/model_B_cycle_2_epoch_5_loss_16.491_f1_0.541.pth
2025-05-29 14:45:43,912 [INFO] Best validation metrics - Loss: 16.4910, F1: 0.5414
2025-05-29 14:45:54,180 [INFO] Epoch 7/50: Train Loss=15.0741, Val Loss=16.3993, F1=0.5453
2025-05-29 14:45:54,192 [INFO] New best model saved: checkpoints/model_B_cycle_2_epoch_6_loss_16.399_f1_0.545.pth
2025-05-29 14:45:54,193 [INFO] Best validation metrics - Loss: 16.3993, F1: 0.5453
2025-05-29 14:46:04,471 [INFO] Epoch 8/50: Train Loss=14.9594, Val Loss=16.5628, F1=0.5485
2025-05-29 14:46:04,482 [INFO] New best model saved: checkpoints/model_B_cycle_2_epoch_7_loss_16.563_f1_0.548.pth
2025-05-29 14:46:04,483 [INFO] Best validation metrics - Loss: 16.5628, F1: 0.5485
2025-05-29 14:46:14,695 [INFO] Epoch 9/50: Train Loss=14.7983, Val Loss=16.1719, F1=0.5520
2025-05-29 14:46:14,707 [INFO] New best model saved: checkpoints/model_B_cycle_2_epoch_8_loss_16.172_f1_0.552.pth
2025-05-29 14:46:14,707 [INFO] Best validation metrics - Loss: 16.1719, F1: 0.5520
2025-05-29 14:46:24,977 [INFO] Epoch 10/50: Train Loss=14.7078, Val Loss=16.5121, F1=0.5418
2025-05-29 14:46:24,978 [INFO] Cycle 2, Epoch 10, LR 5.000e-05, Train Loss: 14.7078, Val Loss: 16.5121, Val F1: 0.5418
2025-05-29 14:46:35,240 [INFO] Epoch 11/50: Train Loss=14.6414, Val Loss=16.6150, F1=0.5400
2025-05-29 14:46:45,523 [INFO] Epoch 12/50: Train Loss=14.5333, Val Loss=16.6610, F1=0.5417
2025-05-29 14:46:55,810 [INFO] Epoch 13/50: Train Loss=14.6225, Val Loss=16.0920, F1=0.5522
2025-05-29 14:46:55,821 [INFO] New best model saved: checkpoints/model_B_cycle_2_epoch_12_loss_16.092_f1_0.552.pth
2025-05-29 14:46:55,822 [INFO] Best validation metrics - Loss: 16.0920, F1: 0.5522
2025-05-29 14:47:06,096 [INFO] Epoch 14/50: Train Loss=14.4975, Val Loss=16.3562, F1=0.5494
2025-05-29 14:47:16,351 [INFO] Epoch 15/50: Train Loss=14.4647, Val Loss=16.2194, F1=0.5552
2025-05-29 14:47:16,362 [INFO] New best model saved: checkpoints/model_B_cycle_2_epoch_14_loss_16.219_f1_0.555.pth
2025-05-29 14:47:16,363 [INFO] Best validation metrics - Loss: 16.2194, F1: 0.5552
2025-05-29 14:47:26,643 [INFO] Epoch 16/50: Train Loss=14.3754, Val Loss=16.5474, F1=0.5415
2025-05-29 14:47:36,889 [INFO] Epoch 17/50: Train Loss=14.4006, Val Loss=16.2032, F1=0.5520
2025-05-29 14:47:47,151 [INFO] Epoch 18/50: Train Loss=14.2812, Val Loss=16.1655, F1=0.5488
2025-05-29 14:47:57,408 [INFO] Epoch 19/50: Train Loss=14.3241, Val Loss=16.7188, F1=0.5390
2025-05-29 14:48:07,684 [INFO] Epoch 20/50: Train Loss=14.2928, Val Loss=16.4722, F1=0.5380
2025-05-29 14:48:07,685 [INFO] Cycle 2, Epoch 20, LR 5.000e-05, Train Loss: 14.2928, Val Loss: 16.4722, Val F1: 0.5380
2025-05-29 14:48:17,938 [INFO] Epoch 21/50: Train Loss=14.2971, Val Loss=16.1215, F1=0.5535
2025-05-29 14:48:28,171 [INFO] Epoch 22/50: Train Loss=14.1892, Val Loss=16.2437, F1=0.5462
2025-05-29 14:48:38,201 [INFO] Epoch 23/50: Train Loss=14.2051, Val Loss=16.4056, F1=0.5427
2025-05-29 14:48:48,050 [INFO] Epoch 24/50: Train Loss=14.1241, Val Loss=16.3097, F1=0.5490
2025-05-29 14:48:58,057 [INFO] Epoch 25/50: Train Loss=14.1286, Val Loss=16.3861, F1=0.5356
2025-05-29 14:49:08,084 [INFO] Epoch 26/50: Train Loss=14.0144, Val Loss=16.4527, F1=0.5428
2025-05-29 14:49:18,139 [INFO] Epoch 27/50: Train Loss=13.8578, Val Loss=16.5443, F1=0.5378
2025-05-29 14:49:28,163 [INFO] Epoch 28/50: Train Loss=13.7470, Val Loss=16.4731, F1=0.5349
2025-05-29 14:49:38,187 [INFO] Epoch 29/50: Train Loss=13.8603, Val Loss=16.2182, F1=0.5484
2025-05-29 14:49:48,195 [INFO] Epoch 30/50: Train Loss=13.8306, Val Loss=16.6204, F1=0.5341
2025-05-29 14:49:48,196 [INFO] Cycle 2, Epoch 30, LR 3.500e-05, Train Loss: 13.8306, Val Loss: 16.6204, Val F1: 0.5341
2025-05-29 14:49:58,214 [INFO] Epoch 31/50: Train Loss=13.7284, Val Loss=16.4005, F1=0.5479
2025-05-29 14:49:58,228 [INFO] Reloading best model: checkpoints/model_B_cycle_2_epoch_14_loss_16.219_f1_0.555.pth
2025-05-29 14:50:08,314 [INFO] Epoch 32/50: Train Loss=14.2575, Val Loss=16.2190, F1=0.5472
2025-05-29 14:50:18,329 [INFO] Epoch 33/50: Train Loss=14.2034, Val Loss=16.5097, F1=0.5426
2025-05-29 14:50:28,355 [INFO] Epoch 34/50: Train Loss=14.2200, Val Loss=16.3698, F1=0.5384
2025-05-29 14:50:38,399 [INFO] Epoch 35/50: Train Loss=14.1828, Val Loss=16.4511, F1=0.5420
2025-05-29 14:50:48,441 [INFO] Epoch 36/50: Train Loss=14.0437, Val Loss=16.2299, F1=0.5475
2025-05-29 14:50:48,442 [INFO] Early stopping triggered at epoch 35
2025-05-29 14:50:48,444 [INFO] Cycle 2 completed:
2025-05-29 14:50:48,445 [INFO] - Final validation loss: 16.2194
2025-05-29 14:50:48,445 [INFO] - Final F1 score: 0.5552
2025-05-29 14:50:48,447 [INFO] 
Starting cycle 3 with seed 3
2025-05-29 14:51:08,288 [INFO] 
Starting training cycle 3
2025-05-29 14:51:08,309 [INFO] Loaded pretrained model: checkpoints/model_ABCD_cycle_3_epoch_999_loss_0.677_f1_0.772.pth
2025-05-29 14:51:18,100 [INFO] Epoch 1/50: Train Loss=16.9194, Val Loss=20.2825, F1=0.4385
2025-05-29 14:51:18,109 [INFO] New best model saved: checkpoints/model_B_cycle_3_epoch_0_loss_20.283_f1_0.439.pth
2025-05-29 14:51:18,110 [INFO] Best validation metrics - Loss: 20.2825, F1: 0.4385
2025-05-29 14:51:27,853 [INFO] Epoch 2/50: Train Loss=16.1410, Val Loss=19.1004, F1=0.4584
2025-05-29 14:51:27,863 [INFO] New best model saved: checkpoints/model_B_cycle_3_epoch_1_loss_19.100_f1_0.458.pth
2025-05-29 14:51:27,863 [INFO] Best validation metrics - Loss: 19.1004, F1: 0.4584
2025-05-29 14:51:37,604 [INFO] Epoch 3/50: Train Loss=15.2721, Val Loss=18.1458, F1=0.4800
2025-05-29 14:51:37,613 [INFO] New best model saved: checkpoints/model_B_cycle_3_epoch_2_loss_18.146_f1_0.480.pth
2025-05-29 14:51:37,614 [INFO] Best validation metrics - Loss: 18.1458, F1: 0.4800
2025-05-29 14:51:47,346 [INFO] Epoch 4/50: Train Loss=15.0216, Val Loss=17.7545, F1=0.4902
2025-05-29 14:51:47,355 [INFO] New best model saved: checkpoints/model_B_cycle_3_epoch_3_loss_17.754_f1_0.490.pth
2025-05-29 14:51:47,356 [INFO] Best validation metrics - Loss: 17.7545, F1: 0.4902
2025-05-29 14:51:47,356 [INFO] Warm-up epochs finished
2025-05-29 14:51:57,106 [INFO] Epoch 5/50: Train Loss=14.8800, Val Loss=17.6216, F1=0.5049
2025-05-29 14:51:57,116 [INFO] New best model saved: checkpoints/model_B_cycle_3_epoch_4_loss_17.622_f1_0.505.pth
2025-05-29 14:51:57,117 [INFO] Best validation metrics - Loss: 17.6216, F1: 0.5049
2025-05-29 14:52:06,762 [INFO] Epoch 6/50: Train Loss=14.6338, Val Loss=18.0171, F1=0.4930
2025-05-29 14:52:16,397 [INFO] Epoch 7/50: Train Loss=14.5862, Val Loss=17.3106, F1=0.5111
2025-05-29 14:52:16,406 [INFO] New best model saved: checkpoints/model_B_cycle_3_epoch_6_loss_17.311_f1_0.511.pth
2025-05-29 14:52:16,407 [INFO] Best validation metrics - Loss: 17.3106, F1: 0.5111
2025-05-29 14:52:26,231 [INFO] Epoch 8/50: Train Loss=14.4298, Val Loss=17.3926, F1=0.4976
2025-05-29 14:52:36,095 [INFO] Epoch 9/50: Train Loss=14.3538, Val Loss=17.4461, F1=0.5032
2025-05-29 14:52:45,953 [INFO] Epoch 10/50: Train Loss=14.2897, Val Loss=17.5682, F1=0.5024
2025-05-29 14:52:45,954 [INFO] Cycle 3, Epoch 10, LR 5.000e-05, Train Loss: 14.2897, Val Loss: 17.5682, Val F1: 0.5024
2025-05-29 14:52:55,808 [INFO] Epoch 11/50: Train Loss=14.1063, Val Loss=17.5591, F1=0.5028
2025-05-29 14:53:05,670 [INFO] Epoch 12/50: Train Loss=14.2708, Val Loss=17.6743, F1=0.5010
2025-05-29 14:53:15,523 [INFO] Epoch 13/50: Train Loss=14.1126, Val Loss=17.5895, F1=0.5025
2025-05-29 14:53:25,387 [INFO] Epoch 14/50: Train Loss=13.9995, Val Loss=17.4860, F1=0.5042
2025-05-29 14:53:35,256 [INFO] Epoch 15/50: Train Loss=13.9755, Val Loss=17.4155, F1=0.4996
2025-05-29 14:53:45,143 [INFO] Epoch 16/50: Train Loss=14.0053, Val Loss=17.4106, F1=0.5081
2025-05-29 14:53:55,046 [INFO] Epoch 17/50: Train Loss=13.9757, Val Loss=17.4221, F1=0.5111
2025-05-29 14:53:55,055 [INFO] New best model saved: checkpoints/model_B_cycle_3_epoch_16_loss_17.422_f1_0.511.pth
2025-05-29 14:53:55,056 [INFO] Best validation metrics - Loss: 17.4221, F1: 0.5111
2025-05-29 14:54:04,934 [INFO] Epoch 18/50: Train Loss=13.8624, Val Loss=17.2219, F1=0.5125
2025-05-29 14:54:04,943 [INFO] New best model saved: checkpoints/model_B_cycle_3_epoch_17_loss_17.222_f1_0.512.pth
2025-05-29 14:54:04,944 [INFO] Best validation metrics - Loss: 17.2219, F1: 0.5125
2025-05-29 14:54:14,825 [INFO] Epoch 19/50: Train Loss=13.8651, Val Loss=17.3550, F1=0.5112
2025-05-29 14:54:24,701 [INFO] Epoch 20/50: Train Loss=13.8671, Val Loss=17.4250, F1=0.5066
2025-05-29 14:54:24,702 [INFO] Cycle 3, Epoch 20, LR 5.000e-05, Train Loss: 13.8671, Val Loss: 17.4250, Val F1: 0.5066
2025-05-29 14:54:34,554 [INFO] Epoch 21/50: Train Loss=13.8855, Val Loss=17.3613, F1=0.5107
2025-05-29 14:54:44,359 [INFO] Epoch 22/50: Train Loss=13.7843, Val Loss=17.2326, F1=0.5188
2025-05-29 14:54:44,368 [INFO] New best model saved: checkpoints/model_B_cycle_3_epoch_21_loss_17.233_f1_0.519.pth
2025-05-29 14:54:44,369 [INFO] Best validation metrics - Loss: 17.2326, F1: 0.5188
2025-05-29 14:54:54,201 [INFO] Epoch 23/50: Train Loss=13.7838, Val Loss=17.3413, F1=0.5060
2025-05-29 14:55:04,086 [INFO] Epoch 24/50: Train Loss=13.7378, Val Loss=17.6131, F1=0.4995
2025-05-29 14:55:13,936 [INFO] Epoch 25/50: Train Loss=13.7342, Val Loss=17.5992, F1=0.5055
2025-05-29 14:55:23,790 [INFO] Epoch 26/50: Train Loss=13.6359, Val Loss=17.5059, F1=0.5136
2025-05-29 14:55:33,589 [INFO] Epoch 27/50: Train Loss=13.6149, Val Loss=17.2760, F1=0.5122
2025-05-29 14:55:43,266 [INFO] Epoch 28/50: Train Loss=13.6377, Val Loss=17.2508, F1=0.5105
2025-05-29 14:55:53,057 [INFO] Epoch 29/50: Train Loss=13.5520, Val Loss=17.7055, F1=0.5005
2025-05-29 14:56:02,889 [INFO] Epoch 30/50: Train Loss=13.5158, Val Loss=17.6234, F1=0.5019
2025-05-29 14:56:02,890 [INFO] Cycle 3, Epoch 30, LR 5.000e-05, Train Loss: 13.5158, Val Loss: 17.6234, Val F1: 0.5019
2025-05-29 14:56:12,740 [INFO] Epoch 31/50: Train Loss=13.5566, Val Loss=17.4579, F1=0.4991
2025-05-29 14:56:22,562 [INFO] Epoch 32/50: Train Loss=13.4919, Val Loss=17.2125, F1=0.5161
2025-05-29 14:56:32,427 [INFO] Epoch 33/50: Train Loss=13.5178, Val Loss=17.5736, F1=0.5056
2025-05-29 14:56:42,269 [INFO] Epoch 34/50: Train Loss=13.3246, Val Loss=17.4084, F1=0.5063
2025-05-29 14:56:52,111 [INFO] Epoch 35/50: Train Loss=13.2745, Val Loss=17.5436, F1=0.5022
2025-05-29 14:57:01,951 [INFO] Epoch 36/50: Train Loss=13.2658, Val Loss=17.6324, F1=0.5031
2025-05-29 14:57:11,794 [INFO] Epoch 37/50: Train Loss=13.2135, Val Loss=17.3710, F1=0.5091
2025-05-29 14:57:21,659 [INFO] Epoch 38/50: Train Loss=13.1863, Val Loss=17.6609, F1=0.5033
2025-05-29 14:57:31,501 [INFO] Epoch 39/50: Train Loss=13.2304, Val Loss=17.5152, F1=0.4988
2025-05-29 14:57:41,371 [INFO] Epoch 40/50: Train Loss=13.1584, Val Loss=17.3915, F1=0.5103
2025-05-29 14:57:41,372 [INFO] Cycle 3, Epoch 40, LR 3.500e-05, Train Loss: 13.1584, Val Loss: 17.3915, Val F1: 0.5103
2025-05-29 14:57:51,217 [INFO] Epoch 41/50: Train Loss=13.1731, Val Loss=17.3318, F1=0.5101
2025-05-29 14:57:51,229 [INFO] Reloading best model: checkpoints/model_B_cycle_3_epoch_21_loss_17.233_f1_0.519.pth
2025-05-29 14:58:01,079 [INFO] Epoch 42/50: Train Loss=13.5070, Val Loss=17.7751, F1=0.4905
2025-05-29 14:58:10,886 [INFO] Epoch 43/50: Train Loss=13.5375, Val Loss=17.4215, F1=0.5014
2025-05-29 14:58:10,886 [INFO] Early stopping triggered at epoch 42
2025-05-29 14:58:10,888 [INFO] Cycle 3 completed:
2025-05-29 14:58:10,889 [INFO] - Final validation loss: 17.2326
2025-05-29 14:58:10,889 [INFO] - Final F1 score: 0.5188
2025-05-29 14:58:10,891 [INFO] 
Starting cycle 4 with seed 4
2025-05-29 14:58:30,461 [INFO] 
Starting training cycle 4
2025-05-29 14:58:30,528 [INFO] Loaded pretrained model: checkpoints/model_ABCD_cycle_1_epoch_780_loss_0.713_f1_0.756.pth
2025-05-29 14:58:40,769 [INFO] Epoch 1/50: Train Loss=18.1389, Val Loss=17.5311, F1=0.5371
2025-05-29 14:58:40,780 [INFO] New best model saved: checkpoints/model_B_cycle_4_epoch_0_loss_17.531_f1_0.537.pth
2025-05-29 14:58:40,781 [INFO] Best validation metrics - Loss: 17.5311, F1: 0.5371
2025-05-29 14:58:51,011 [INFO] Epoch 2/50: Train Loss=17.3676, Val Loss=16.6504, F1=0.5269
2025-05-29 14:59:01,160 [INFO] Epoch 3/50: Train Loss=16.3747, Val Loss=15.8032, F1=0.5461
2025-05-29 14:59:01,171 [INFO] New best model saved: checkpoints/model_B_cycle_4_epoch_2_loss_15.803_f1_0.546.pth
2025-05-29 14:59:01,172 [INFO] Best validation metrics - Loss: 15.8032, F1: 0.5461
2025-05-29 14:59:11,137 [INFO] Epoch 4/50: Train Loss=15.9812, Val Loss=15.6064, F1=0.5515
2025-05-29 14:59:11,148 [INFO] New best model saved: checkpoints/model_B_cycle_4_epoch_3_loss_15.606_f1_0.552.pth
2025-05-29 14:59:11,149 [INFO] Best validation metrics - Loss: 15.6064, F1: 0.5515
2025-05-29 14:59:11,150 [INFO] Warm-up epochs finished
2025-05-29 14:59:21,279 [INFO] Epoch 5/50: Train Loss=15.7678, Val Loss=15.5930, F1=0.5478
2025-05-29 14:59:31,537 [INFO] Epoch 6/50: Train Loss=15.5620, Val Loss=15.3378, F1=0.5603
2025-05-29 14:59:31,549 [INFO] New best model saved: checkpoints/model_B_cycle_4_epoch_5_loss_15.338_f1_0.560.pth
2025-05-29 14:59:31,550 [INFO] Best validation metrics - Loss: 15.3378, F1: 0.5603
2025-05-29 14:59:41,814 [INFO] Epoch 7/50: Train Loss=15.3580, Val Loss=15.6036, F1=0.5534
2025-05-29 14:59:52,067 [INFO] Epoch 8/50: Train Loss=15.1444, Val Loss=15.2078, F1=0.5590
2025-05-29 15:00:02,293 [INFO] Epoch 9/50: Train Loss=15.1459, Val Loss=15.5003, F1=0.5535
2025-05-29 15:00:12,543 [INFO] Epoch 10/50: Train Loss=14.9474, Val Loss=15.3400, F1=0.5503
2025-05-29 15:00:12,544 [INFO] Cycle 4, Epoch 10, LR 5.000e-05, Train Loss: 14.9474, Val Loss: 15.3400, Val F1: 0.5503
2025-05-29 15:00:22,819 [INFO] Epoch 11/50: Train Loss=14.9548, Val Loss=15.3527, F1=0.5583
2025-05-29 15:00:33,140 [INFO] Epoch 12/50: Train Loss=14.8311, Val Loss=15.5211, F1=0.5499
2025-05-29 15:00:43,407 [INFO] Epoch 13/50: Train Loss=14.9105, Val Loss=15.3294, F1=0.5537
2025-05-29 15:00:53,684 [INFO] Epoch 14/50: Train Loss=14.7694, Val Loss=15.4144, F1=0.5480
2025-05-29 15:01:03,952 [INFO] Epoch 15/50: Train Loss=14.7402, Val Loss=15.1188, F1=0.5669
2025-05-29 15:01:03,963 [INFO] New best model saved: checkpoints/model_B_cycle_4_epoch_14_loss_15.119_f1_0.567.pth
2025-05-29 15:01:03,964 [INFO] Best validation metrics - Loss: 15.1188, F1: 0.5669
2025-05-29 15:01:14,272 [INFO] Epoch 16/50: Train Loss=14.6699, Val Loss=15.2817, F1=0.5565
2025-05-29 15:01:24,521 [INFO] Epoch 17/50: Train Loss=14.6392, Val Loss=15.1822, F1=0.5666
2025-05-29 15:01:34,768 [INFO] Epoch 18/50: Train Loss=14.6101, Val Loss=15.3174, F1=0.5609
2025-05-29 15:01:44,990 [INFO] Epoch 19/50: Train Loss=14.5341, Val Loss=15.4418, F1=0.5514
2025-05-29 15:01:55,222 [INFO] Epoch 20/50: Train Loss=14.4996, Val Loss=15.5842, F1=0.5498
2025-05-29 15:01:55,223 [INFO] Cycle 4, Epoch 20, LR 5.000e-05, Train Loss: 14.4996, Val Loss: 15.5842, Val F1: 0.5498
2025-05-29 15:02:05,479 [INFO] Epoch 21/50: Train Loss=14.4937, Val Loss=15.5985, F1=0.5517
2025-05-29 15:02:15,752 [INFO] Epoch 22/50: Train Loss=14.4124, Val Loss=15.3488, F1=0.5559
2025-05-29 15:02:25,984 [INFO] Epoch 23/50: Train Loss=14.4413, Val Loss=15.4990, F1=0.5519
2025-05-29 15:02:35,830 [INFO] Epoch 24/50: Train Loss=14.4068, Val Loss=15.3251, F1=0.5598
2025-05-29 15:02:45,860 [INFO] Epoch 25/50: Train Loss=14.3432, Val Loss=15.5037, F1=0.5506
2025-05-29 15:02:56,042 [INFO] Epoch 26/50: Train Loss=14.3646, Val Loss=15.3822, F1=0.5663
2025-05-29 15:03:06,202 [INFO] Epoch 27/50: Train Loss=14.2072, Val Loss=15.4948, F1=0.5478
2025-05-29 15:03:16,359 [INFO] Epoch 28/50: Train Loss=14.1112, Val Loss=15.3510, F1=0.5540
2025-05-29 15:03:26,530 [INFO] Epoch 29/50: Train Loss=14.1446, Val Loss=15.2895, F1=0.5622
2025-05-29 15:03:36,715 [INFO] Epoch 30/50: Train Loss=14.0708, Val Loss=15.3618, F1=0.5539
2025-05-29 15:03:36,716 [INFO] Cycle 4, Epoch 30, LR 3.500e-05, Train Loss: 14.0708, Val Loss: 15.3618, Val F1: 0.5539
2025-05-29 15:03:46,856 [INFO] Epoch 31/50: Train Loss=14.0704, Val Loss=15.4190, F1=0.5542
2025-05-29 15:03:46,871 [INFO] Reloading best model: checkpoints/model_B_cycle_4_epoch_14_loss_15.119_f1_0.567.pth
2025-05-29 15:03:57,065 [INFO] Epoch 32/50: Train Loss=14.5352, Val Loss=15.1396, F1=0.5633
2025-05-29 15:04:07,258 [INFO] Epoch 33/50: Train Loss=14.4971, Val Loss=15.2045, F1=0.5621
2025-05-29 15:04:17,424 [INFO] Epoch 34/50: Train Loss=14.4577, Val Loss=15.1854, F1=0.5636
2025-05-29 15:04:27,570 [INFO] Epoch 35/50: Train Loss=14.4296, Val Loss=15.3717, F1=0.5525
2025-05-29 15:04:37,713 [INFO] Epoch 36/50: Train Loss=14.3971, Val Loss=15.2552, F1=0.5576
2025-05-29 15:04:37,714 [INFO] Early stopping triggered at epoch 35
2025-05-29 15:04:37,715 [INFO] Cycle 4 completed:
2025-05-29 15:04:37,716 [INFO] - Final validation loss: 15.1188
2025-05-29 15:04:37,717 [INFO] - Final F1 score: 0.5669
2025-05-29 15:04:37,718 [INFO] 
Starting cycle 5 with seed 5
2025-05-29 15:04:57,570 [INFO] 
Starting training cycle 5
2025-05-29 15:04:57,592 [INFO] Loaded pretrained model: checkpoints/model_ABCD_cycle_2_epoch_919_loss_0.697_f1_0.764.pth
2025-05-29 15:05:07,477 [INFO] Epoch 1/50: Train Loss=17.8826, Val Loss=17.7053, F1=0.5250
2025-05-29 15:05:07,486 [INFO] New best model saved: checkpoints/model_B_cycle_5_epoch_0_loss_17.705_f1_0.525.pth
2025-05-29 15:05:07,487 [INFO] Best validation metrics - Loss: 17.7053, F1: 0.5250
2025-05-29 15:05:17,335 [INFO] Epoch 2/50: Train Loss=17.2499, Val Loss=16.6015, F1=0.5526
2025-05-29 15:05:17,345 [INFO] New best model saved: checkpoints/model_B_cycle_5_epoch_1_loss_16.602_f1_0.553.pth
2025-05-29 15:05:17,346 [INFO] Best validation metrics - Loss: 16.6015, F1: 0.5526
2025-05-29 15:05:27,185 [INFO] Epoch 3/50: Train Loss=16.2868, Val Loss=15.7104, F1=0.5482
2025-05-29 15:05:37,049 [INFO] Epoch 4/50: Train Loss=15.8518, Val Loss=15.5104, F1=0.5600
2025-05-29 15:05:37,059 [INFO] New best model saved: checkpoints/model_B_cycle_5_epoch_3_loss_15.510_f1_0.560.pth
2025-05-29 15:05:37,059 [INFO] Best validation metrics - Loss: 15.5104, F1: 0.5600
2025-05-29 15:05:37,060 [INFO] Warm-up epochs finished
2025-05-29 15:05:46,943 [INFO] Epoch 5/50: Train Loss=15.5857, Val Loss=15.6676, F1=0.5555
2025-05-29 15:05:56,763 [INFO] Epoch 6/50: Train Loss=15.4132, Val Loss=15.7358, F1=0.5476
2025-05-29 15:06:06,406 [INFO] Epoch 7/50: Train Loss=15.2296, Val Loss=15.4904, F1=0.5547
2025-05-29 15:06:16,170 [INFO] Epoch 8/50: Train Loss=15.0796, Val Loss=15.3449, F1=0.5596
2025-05-29 15:06:26,018 [INFO] Epoch 9/50: Train Loss=14.9721, Val Loss=15.3457, F1=0.5693
2025-05-29 15:06:26,027 [INFO] New best model saved: checkpoints/model_B_cycle_5_epoch_8_loss_15.346_f1_0.569.pth
2025-05-29 15:06:26,028 [INFO] Best validation metrics - Loss: 15.3457, F1: 0.5693
2025-05-29 15:06:35,865 [INFO] Epoch 10/50: Train Loss=14.8552, Val Loss=15.4998, F1=0.5533
2025-05-29 15:06:35,866 [INFO] Cycle 5, Epoch 10, LR 5.000e-05, Train Loss: 14.8552, Val Loss: 15.4998, Val F1: 0.5533
2025-05-29 15:06:45,731 [INFO] Epoch 11/50: Train Loss=14.9233, Val Loss=15.4225, F1=0.5565
2025-05-29 15:06:55,602 [INFO] Epoch 12/50: Train Loss=14.7783, Val Loss=15.3923, F1=0.5620
2025-05-29 15:07:05,499 [INFO] Epoch 13/50: Train Loss=14.7394, Val Loss=15.5879, F1=0.5533
2025-05-29 15:07:15,331 [INFO] Epoch 14/50: Train Loss=14.6311, Val Loss=15.6773, F1=0.5532
2025-05-29 15:07:25,164 [INFO] Epoch 15/50: Train Loss=14.5418, Val Loss=15.4047, F1=0.5619
2025-05-29 15:07:35,018 [INFO] Epoch 16/50: Train Loss=14.6278, Val Loss=15.4953, F1=0.5635
2025-05-29 15:07:44,847 [INFO] Epoch 17/50: Train Loss=14.4662, Val Loss=15.3646, F1=0.5655
2025-05-29 15:07:54,697 [INFO] Epoch 18/50: Train Loss=14.5459, Val Loss=15.3806, F1=0.5600
2025-05-29 15:08:04,544 [INFO] Epoch 19/50: Train Loss=14.4317, Val Loss=15.3876, F1=0.5616
2025-05-29 15:08:14,402 [INFO] Epoch 20/50: Train Loss=14.3168, Val Loss=15.4661, F1=0.5563
2025-05-29 15:08:14,403 [INFO] Cycle 5, Epoch 20, LR 5.000e-05, Train Loss: 14.3168, Val Loss: 15.4661, Val F1: 0.5563
2025-05-29 15:08:24,260 [INFO] Epoch 21/50: Train Loss=14.2444, Val Loss=15.3625, F1=0.5607
2025-05-29 15:08:24,273 [INFO] Reloading best model: checkpoints/model_B_cycle_5_epoch_8_loss_15.346_f1_0.569.pth
2025-05-29 15:08:34,121 [INFO] Epoch 22/50: Train Loss=14.7314, Val Loss=15.2332, F1=0.5660
2025-05-29 15:08:43,957 [INFO] Epoch 23/50: Train Loss=14.6980, Val Loss=15.2672, F1=0.5635
2025-05-29 15:08:53,771 [INFO] Epoch 24/50: Train Loss=14.6135, Val Loss=15.6032, F1=0.5542
2025-05-29 15:09:03,581 [INFO] Epoch 25/50: Train Loss=14.5957, Val Loss=15.2635, F1=0.5666
2025-05-29 15:09:13,418 [INFO] Epoch 26/50: Train Loss=14.4864, Val Loss=15.5413, F1=0.5533
2025-05-29 15:09:23,231 [INFO] Epoch 27/50: Train Loss=14.4899, Val Loss=15.3317, F1=0.5500
2025-05-29 15:09:32,793 [INFO] Epoch 28/50: Train Loss=14.4664, Val Loss=15.4735, F1=0.5536
2025-05-29 15:09:42,557 [INFO] Epoch 29/50: Train Loss=14.4885, Val Loss=15.4272, F1=0.5573
2025-05-29 15:09:52,485 [INFO] Epoch 30/50: Train Loss=14.3837, Val Loss=15.4515, F1=0.5589
2025-05-29 15:09:52,486 [INFO] Cycle 5, Epoch 30, LR 3.500e-05, Train Loss: 14.3837, Val Loss: 15.4515, Val F1: 0.5589
2025-05-29 15:09:52,487 [INFO] Early stopping triggered at epoch 29
2025-05-29 15:09:52,488 [INFO] Cycle 5 completed:
2025-05-29 15:09:52,489 [INFO] - Final validation loss: 15.3457
2025-05-29 15:09:52,490 [INFO] - Final F1 score: 0.5693
2025-05-29 15:09:52,490 [INFO] Saved paths of the best models to model_paths_B.txt
2025-05-29 15:10:10,625 [INFO] Generating predictions for /content/DL_HACKATON/datasets/B/test.json.gz
2025-05-29 15:10:43,847 [INFO] Model weights for ensemble:
2025-05-29 15:10:43,848 [INFO] Model: model_B_cycle_1_epoch_18_loss_16.319_f1_0.556.pth
2025-05-29 15:10:43,849 [INFO] - Loss: 0.5562
2025-05-29 15:10:43,849 [INFO] - Weight: 0.2005
2025-05-29 15:10:43,850 [INFO] Model: model_B_cycle_2_epoch_14_loss_16.219_f1_0.555.pth
2025-05-29 15:10:43,851 [INFO] - Loss: 0.5552
2025-05-29 15:10:43,852 [INFO] - Weight: 0.2004
2025-05-29 15:10:43,852 [INFO] Model: model_B_cycle_3_epoch_21_loss_17.233_f1_0.519.pth
2025-05-29 15:10:43,853 [INFO] - Loss: 0.5188
2025-05-29 15:10:43,853 [INFO] - Weight: 0.1932
2025-05-29 15:10:43,854 [INFO] Model: model_B_cycle_4_epoch_14_loss_15.119_f1_0.567.pth
2025-05-29 15:10:43,854 [INFO] - Loss: 0.5669
2025-05-29 15:10:43,855 [INFO] - Weight: 0.2027
2025-05-29 15:10:43,856 [INFO] Model: model_B_cycle_5_epoch_8_loss_15.346_f1_0.569.pth
2025-05-29 15:10:43,857 [INFO] - Loss: 0.5693
2025-05-29 15:10:43,857 [INFO] - Weight: 0.2032
2025-05-29 15:10:43,863 [INFO] 
Ensemble prediction statistics:
2025-05-29 15:10:43,864 [INFO] Class 0: 217 samples
2025-05-29 15:10:43,865 [INFO] Class 1: 330 samples
2025-05-29 15:10:43,866 [INFO] Class 2: 62 samples
2025-05-29 15:10:43,866 [INFO] Class 3: 200 samples
2025-05-29 15:10:43,867 [INFO] Class 4: 676 samples
2025-05-29 15:10:43,867 [INFO] Class 5: 75 samples
2025-05-29 15:10:43,868 [INFO] Average confidence: 0.9393
2025-05-29 15:10:43,869 [INFO] Min confidence: 0.3935
2025-05-29 15:10:43,869 [INFO] Max confidence: 1.0000
2025-05-29 15:10:43,906 [INFO] Saved predictions to submission/testset_B.csv
