2025-05-29 16:10:33,207 [INFO] Starting training using /content/DL_HACKATON/datasets/C/train.json.gz
2025-05-29 16:12:25,360 [INFO] Loaded 3 pretrained models from /content/DL_HACKATON/model_paths_ABCD.txt
2025-05-29 16:12:25,365 [INFO] 
Starting cycle 1 with seed 1
2025-05-29 16:12:52,639 [INFO] 
Starting training cycle 1
2025-05-29 16:12:52,871 [INFO] Loaded pretrained model: checkpoints/model_ABCD_cycle_1_epoch_780_loss_0.713_f1_0.756.pth
2025-05-29 16:13:02,284 [INFO] Epoch 1/50: Train Loss=10.0742, Val Loss=10.8879, F1=0.7568
2025-05-29 16:13:02,293 [INFO] New best model saved: checkpoints/model_C_cycle_1_epoch_0_loss_10.888_f1_0.757.pth
2025-05-29 16:13:02,294 [INFO] Best validation metrics - Loss: 10.8879, F1: 0.7568
2025-05-29 16:13:10,124 [INFO] Epoch 2/50: Train Loss=8.6673, Val Loss=9.1499, F1=0.7563
2025-05-29 16:13:17,897 [INFO] Epoch 3/50: Train Loss=7.7309, Val Loss=8.2755, F1=0.7829
2025-05-29 16:13:17,908 [INFO] New best model saved: checkpoints/model_C_cycle_1_epoch_2_loss_8.275_f1_0.783.pth
2025-05-29 16:13:17,908 [INFO] Best validation metrics - Loss: 8.2755, F1: 0.7829
2025-05-29 16:13:25,590 [INFO] Epoch 4/50: Train Loss=7.2714, Val Loss=7.8153, F1=0.7824
2025-05-29 16:13:25,591 [INFO] Warm-up epochs finished
2025-05-29 16:13:33,307 [INFO] Epoch 5/50: Train Loss=6.9865, Val Loss=7.3997, F1=0.7947
2025-05-29 16:13:33,317 [INFO] New best model saved: checkpoints/model_C_cycle_1_epoch_4_loss_7.400_f1_0.795.pth
2025-05-29 16:13:33,318 [INFO] Best validation metrics - Loss: 7.3997, F1: 0.7947
2025-05-29 16:13:41,076 [INFO] Epoch 6/50: Train Loss=6.6292, Val Loss=7.5482, F1=0.7900
2025-05-29 16:13:48,871 [INFO] Epoch 7/50: Train Loss=6.5018, Val Loss=7.3515, F1=0.7951
2025-05-29 16:13:48,881 [INFO] New best model saved: checkpoints/model_C_cycle_1_epoch_6_loss_7.351_f1_0.795.pth
2025-05-29 16:13:48,882 [INFO] Best validation metrics - Loss: 7.3515, F1: 0.7951
2025-05-29 16:13:56,562 [INFO] Epoch 8/50: Train Loss=6.3094, Val Loss=7.2058, F1=0.7905
2025-05-29 16:14:04,454 [INFO] Epoch 9/50: Train Loss=6.1714, Val Loss=7.0051, F1=0.8016
2025-05-29 16:14:04,464 [INFO] New best model saved: checkpoints/model_C_cycle_1_epoch_8_loss_7.005_f1_0.802.pth
2025-05-29 16:14:04,465 [INFO] Best validation metrics - Loss: 7.0051, F1: 0.8016
2025-05-29 16:14:12,487 [INFO] Epoch 10/50: Train Loss=6.0321, Val Loss=6.7183, F1=0.8103
2025-05-29 16:14:12,488 [INFO] Cycle 1, Epoch 10, LR 5.000e-05, Train Loss: 6.0321, Val Loss: 6.7183, Val F1: 0.8103
2025-05-29 16:14:12,497 [INFO] New best model saved: checkpoints/model_C_cycle_1_epoch_9_loss_6.718_f1_0.810.pth
2025-05-29 16:14:12,498 [INFO] Best validation metrics - Loss: 6.7183, F1: 0.8103
2025-05-29 16:14:20,519 [INFO] Epoch 11/50: Train Loss=5.9850, Val Loss=6.8971, F1=0.7989
2025-05-29 16:14:28,374 [INFO] Epoch 12/50: Train Loss=5.8471, Val Loss=7.2224, F1=0.7906
2025-05-29 16:14:36,202 [INFO] Epoch 13/50: Train Loss=5.8240, Val Loss=6.7334, F1=0.8048
2025-05-29 16:14:44,087 [INFO] Epoch 14/50: Train Loss=5.7254, Val Loss=6.6796, F1=0.8062
2025-05-29 16:14:51,930 [INFO] Epoch 15/50: Train Loss=5.6964, Val Loss=6.8359, F1=0.7970
2025-05-29 16:14:59,745 [INFO] Epoch 16/50: Train Loss=5.5794, Val Loss=6.5733, F1=0.8058
2025-05-29 16:15:07,528 [INFO] Epoch 17/50: Train Loss=5.6130, Val Loss=6.4258, F1=0.8087
2025-05-29 16:15:15,339 [INFO] Epoch 18/50: Train Loss=5.5784, Val Loss=6.4790, F1=0.8045
2025-05-29 16:15:23,159 [INFO] Epoch 19/50: Train Loss=5.5391, Val Loss=6.4872, F1=0.8057
2025-05-29 16:15:31,071 [INFO] Epoch 20/50: Train Loss=5.5265, Val Loss=6.7771, F1=0.8009
2025-05-29 16:15:31,072 [INFO] Cycle 1, Epoch 20, LR 5.000e-05, Train Loss: 5.5265, Val Loss: 6.7771, Val F1: 0.8009
2025-05-29 16:15:39,025 [INFO] Epoch 21/50: Train Loss=5.4217, Val Loss=6.4147, F1=0.8100
2025-05-29 16:15:39,038 [INFO] Reloading best model: checkpoints/model_C_cycle_1_epoch_9_loss_6.718_f1_0.810.pth
2025-05-29 16:15:46,858 [INFO] Epoch 22/50: Train Loss=5.8999, Val Loss=6.7296, F1=0.8057
2025-05-29 16:15:54,598 [INFO] Epoch 23/50: Train Loss=5.8580, Val Loss=6.7201, F1=0.8052
2025-05-29 16:16:02,298 [INFO] Epoch 24/50: Train Loss=5.7451, Val Loss=7.0211, F1=0.7959
2025-05-29 16:16:10,199 [INFO] Epoch 25/50: Train Loss=5.6982, Val Loss=6.5015, F1=0.8134
2025-05-29 16:16:10,208 [INFO] New best model saved: checkpoints/model_C_cycle_1_epoch_24_loss_6.501_f1_0.813.pth
2025-05-29 16:16:10,209 [INFO] Best validation metrics - Loss: 6.5015, F1: 0.8134
2025-05-29 16:16:18,141 [INFO] Epoch 26/50: Train Loss=5.6546, Val Loss=6.9079, F1=0.7983
2025-05-29 16:16:25,962 [INFO] Epoch 27/50: Train Loss=5.6221, Val Loss=6.5635, F1=0.8076
2025-05-29 16:16:33,870 [INFO] Epoch 28/50: Train Loss=5.5880, Val Loss=6.5244, F1=0.8058
2025-05-29 16:16:41,736 [INFO] Epoch 29/50: Train Loss=5.4732, Val Loss=6.4314, F1=0.8053
2025-05-29 16:16:49,520 [INFO] Epoch 30/50: Train Loss=5.4283, Val Loss=6.5411, F1=0.8084
2025-05-29 16:16:49,521 [INFO] Cycle 1, Epoch 30, LR 3.500e-05, Train Loss: 5.4283, Val Loss: 6.5411, Val F1: 0.8084
2025-05-29 16:16:57,255 [INFO] Epoch 31/50: Train Loss=5.4379, Val Loss=6.6712, F1=0.8028
2025-05-29 16:17:04,934 [INFO] Epoch 32/50: Train Loss=5.4257, Val Loss=6.5854, F1=0.8154
2025-05-29 16:17:04,943 [INFO] New best model saved: checkpoints/model_C_cycle_1_epoch_31_loss_6.585_f1_0.815.pth
2025-05-29 16:17:04,944 [INFO] Best validation metrics - Loss: 6.5854, F1: 0.8154
2025-05-29 16:17:12,733 [INFO] Epoch 33/50: Train Loss=5.3991, Val Loss=6.6704, F1=0.8007
2025-05-29 16:17:20,531 [INFO] Epoch 34/50: Train Loss=5.3785, Val Loss=6.4158, F1=0.8129
2025-05-29 16:17:28,252 [INFO] Epoch 35/50: Train Loss=5.3611, Val Loss=6.3341, F1=0.8113
2025-05-29 16:17:36,010 [INFO] Epoch 36/50: Train Loss=5.3170, Val Loss=6.4056, F1=0.8125
2025-05-29 16:17:43,768 [INFO] Epoch 37/50: Train Loss=5.2903, Val Loss=6.4988, F1=0.8103
2025-05-29 16:17:51,572 [INFO] Epoch 38/50: Train Loss=5.2760, Val Loss=6.3687, F1=0.8118
2025-05-29 16:17:59,304 [INFO] Epoch 39/50: Train Loss=5.2655, Val Loss=6.3930, F1=0.8146
2025-05-29 16:18:07,022 [INFO] Epoch 40/50: Train Loss=5.1945, Val Loss=6.4172, F1=0.8068
2025-05-29 16:18:07,023 [INFO] Cycle 1, Epoch 40, LR 3.500e-05, Train Loss: 5.1945, Val Loss: 6.4172, Val F1: 0.8068
2025-05-29 16:18:14,735 [INFO] Epoch 41/50: Train Loss=5.1419, Val Loss=6.3755, F1=0.8098
2025-05-29 16:18:22,487 [INFO] Epoch 42/50: Train Loss=5.1169, Val Loss=6.6168, F1=0.8012
2025-05-29 16:18:30,269 [INFO] Epoch 43/50: Train Loss=5.1674, Val Loss=6.3428, F1=0.8129
2025-05-29 16:18:37,980 [INFO] Epoch 44/50: Train Loss=5.0041, Val Loss=6.1664, F1=0.8148
2025-05-29 16:18:45,669 [INFO] Epoch 45/50: Train Loss=5.0312, Val Loss=6.1941, F1=0.8160
2025-05-29 16:18:45,678 [INFO] New best model saved: checkpoints/model_C_cycle_1_epoch_44_loss_6.194_f1_0.816.pth
2025-05-29 16:18:45,679 [INFO] Best validation metrics - Loss: 6.1941, F1: 0.8160
2025-05-29 16:18:53,372 [INFO] Epoch 46/50: Train Loss=5.0021, Val Loss=6.1942, F1=0.8063
2025-05-29 16:19:01,080 [INFO] Epoch 47/50: Train Loss=5.0155, Val Loss=6.5634, F1=0.8060
2025-05-29 16:19:08,770 [INFO] Epoch 48/50: Train Loss=4.9477, Val Loss=6.3641, F1=0.8092
2025-05-29 16:19:16,479 [INFO] Epoch 49/50: Train Loss=4.9299, Val Loss=6.1480, F1=0.8164
2025-05-29 16:19:16,488 [INFO] New best model saved: checkpoints/model_C_cycle_1_epoch_48_loss_6.148_f1_0.816.pth
2025-05-29 16:19:16,489 [INFO] Best validation metrics - Loss: 6.1480, F1: 0.8164
2025-05-29 16:19:24,211 [INFO] Epoch 50/50: Train Loss=4.9302, Val Loss=6.1243, F1=0.8193
2025-05-29 16:19:24,211 [INFO] Cycle 1, Epoch 50, LR 2.450e-05, Train Loss: 4.9302, Val Loss: 6.1243, Val F1: 0.8193
2025-05-29 16:19:24,221 [INFO] New best model saved: checkpoints/model_C_cycle_1_epoch_49_loss_6.124_f1_0.819.pth
2025-05-29 16:19:24,221 [INFO] Best validation metrics - Loss: 6.1243, F1: 0.8193
2025-05-29 16:19:24,223 [INFO] Cycle 1 completed:
2025-05-29 16:19:24,223 [INFO] - Final validation loss: 6.1243
2025-05-29 16:19:24,224 [INFO] - Final F1 score: 0.8193
2025-05-29 16:19:24,226 [INFO] 
Starting cycle 2 with seed 2
2025-05-29 16:19:51,398 [INFO] 
Starting training cycle 2
2025-05-29 16:19:51,499 [INFO] Loaded pretrained model: checkpoints/model_ABCD_cycle_2_epoch_919_loss_0.697_f1_0.764.pth
2025-05-29 16:19:59,913 [INFO] Epoch 1/50: Train Loss=9.8250, Val Loss=10.2274, F1=0.7770
2025-05-29 16:19:59,925 [INFO] New best model saved: checkpoints/model_C_cycle_2_epoch_0_loss_10.227_f1_0.777.pth
2025-05-29 16:19:59,926 [INFO] Best validation metrics - Loss: 10.2274, F1: 0.7770
2025-05-29 16:20:08,311 [INFO] Epoch 2/50: Train Loss=8.3158, Val Loss=8.4861, F1=0.7793
2025-05-29 16:20:08,322 [INFO] New best model saved: checkpoints/model_C_cycle_2_epoch_1_loss_8.486_f1_0.779.pth
2025-05-29 16:20:08,322 [INFO] Best validation metrics - Loss: 8.4861, F1: 0.7793
2025-05-29 16:20:16,691 [INFO] Epoch 3/50: Train Loss=7.5373, Val Loss=7.8886, F1=0.7787
2025-05-29 16:20:25,080 [INFO] Epoch 4/50: Train Loss=7.0936, Val Loss=7.3570, F1=0.7885
2025-05-29 16:20:25,092 [INFO] New best model saved: checkpoints/model_C_cycle_2_epoch_3_loss_7.357_f1_0.789.pth
2025-05-29 16:20:25,093 [INFO] Best validation metrics - Loss: 7.3570, F1: 0.7885
2025-05-29 16:20:25,094 [INFO] Warm-up epochs finished
2025-05-29 16:20:33,445 [INFO] Epoch 5/50: Train Loss=6.8057, Val Loss=7.2389, F1=0.7919
2025-05-29 16:20:33,457 [INFO] New best model saved: checkpoints/model_C_cycle_2_epoch_4_loss_7.239_f1_0.792.pth
2025-05-29 16:20:33,458 [INFO] Best validation metrics - Loss: 7.2389, F1: 0.7919
2025-05-29 16:20:41,884 [INFO] Epoch 6/50: Train Loss=6.5049, Val Loss=6.7709, F1=0.8043
2025-05-29 16:20:41,895 [INFO] New best model saved: checkpoints/model_C_cycle_2_epoch_5_loss_6.771_f1_0.804.pth
2025-05-29 16:20:41,896 [INFO] Best validation metrics - Loss: 6.7709, F1: 0.8043
2025-05-29 16:20:50,408 [INFO] Epoch 7/50: Train Loss=6.3122, Val Loss=6.7232, F1=0.8039
2025-05-29 16:20:58,909 [INFO] Epoch 8/50: Train Loss=6.2594, Val Loss=6.5402, F1=0.8151
2025-05-29 16:20:58,920 [INFO] New best model saved: checkpoints/model_C_cycle_2_epoch_7_loss_6.540_f1_0.815.pth
2025-05-29 16:20:58,921 [INFO] Best validation metrics - Loss: 6.5402, F1: 0.8151
2025-05-29 16:21:07,313 [INFO] Epoch 9/50: Train Loss=6.1211, Val Loss=6.5595, F1=0.8079
2025-05-29 16:21:15,803 [INFO] Epoch 10/50: Train Loss=5.9469, Val Loss=6.4387, F1=0.8142
2025-05-29 16:21:15,804 [INFO] Cycle 2, Epoch 10, LR 5.000e-05, Train Loss: 5.9469, Val Loss: 6.4387, Val F1: 0.8142
2025-05-29 16:21:24,500 [INFO] Epoch 11/50: Train Loss=5.9599, Val Loss=6.1786, F1=0.8209
2025-05-29 16:21:24,512 [INFO] New best model saved: checkpoints/model_C_cycle_2_epoch_10_loss_6.179_f1_0.821.pth
2025-05-29 16:21:24,513 [INFO] Best validation metrics - Loss: 6.1786, F1: 0.8209
2025-05-29 16:21:33,133 [INFO] Epoch 12/50: Train Loss=5.8267, Val Loss=6.4293, F1=0.8112
2025-05-29 16:21:41,715 [INFO] Epoch 13/50: Train Loss=5.7209, Val Loss=6.3999, F1=0.8175
2025-05-29 16:21:50,149 [INFO] Epoch 14/50: Train Loss=5.6885, Val Loss=6.4078, F1=0.8010
2025-05-29 16:21:58,589 [INFO] Epoch 15/50: Train Loss=5.7138, Val Loss=6.2500, F1=0.8078
2025-05-29 16:22:06,947 [INFO] Epoch 16/50: Train Loss=5.5828, Val Loss=6.0577, F1=0.8192
2025-05-29 16:22:15,289 [INFO] Epoch 17/50: Train Loss=5.5421, Val Loss=6.1418, F1=0.8209
2025-05-29 16:22:23,633 [INFO] Epoch 18/50: Train Loss=5.4852, Val Loss=6.0111, F1=0.8257
2025-05-29 16:22:23,644 [INFO] New best model saved: checkpoints/model_C_cycle_2_epoch_17_loss_6.011_f1_0.826.pth
2025-05-29 16:22:23,644 [INFO] Best validation metrics - Loss: 6.0111, F1: 0.8257
2025-05-29 16:22:32,154 [INFO] Epoch 19/50: Train Loss=5.5116, Val Loss=6.0225, F1=0.8246
2025-05-29 16:22:40,574 [INFO] Epoch 20/50: Train Loss=5.4041, Val Loss=6.5049, F1=0.8100
2025-05-29 16:22:40,575 [INFO] Cycle 2, Epoch 20, LR 5.000e-05, Train Loss: 5.4041, Val Loss: 6.5049, Val F1: 0.8100
2025-05-29 16:22:48,947 [INFO] Epoch 21/50: Train Loss=5.4085, Val Loss=6.1161, F1=0.8200
2025-05-29 16:22:57,373 [INFO] Epoch 22/50: Train Loss=5.3419, Val Loss=6.2370, F1=0.8170
2025-05-29 16:23:05,742 [INFO] Epoch 23/50: Train Loss=5.3558, Val Loss=5.9267, F1=0.8173
2025-05-29 16:23:14,190 [INFO] Epoch 24/50: Train Loss=5.2490, Val Loss=5.9853, F1=0.8260
2025-05-29 16:23:14,202 [INFO] New best model saved: checkpoints/model_C_cycle_2_epoch_23_loss_5.985_f1_0.826.pth
2025-05-29 16:23:14,202 [INFO] Best validation metrics - Loss: 5.9853, F1: 0.8260
2025-05-29 16:23:22,590 [INFO] Epoch 25/50: Train Loss=5.2850, Val Loss=5.9040, F1=0.8246
2025-05-29 16:23:31,029 [INFO] Epoch 26/50: Train Loss=5.2773, Val Loss=5.9404, F1=0.8263
2025-05-29 16:23:31,041 [INFO] New best model saved: checkpoints/model_C_cycle_2_epoch_25_loss_5.940_f1_0.826.pth
2025-05-29 16:23:31,042 [INFO] Best validation metrics - Loss: 5.9404, F1: 0.8263
2025-05-29 16:23:39,533 [INFO] Epoch 27/50: Train Loss=5.2045, Val Loss=5.8227, F1=0.8268
2025-05-29 16:23:39,544 [INFO] New best model saved: checkpoints/model_C_cycle_2_epoch_26_loss_5.823_f1_0.827.pth
2025-05-29 16:23:39,544 [INFO] Best validation metrics - Loss: 5.8227, F1: 0.8268
2025-05-29 16:23:47,970 [INFO] Epoch 28/50: Train Loss=5.2035, Val Loss=5.9076, F1=0.8274
2025-05-29 16:23:47,981 [INFO] New best model saved: checkpoints/model_C_cycle_2_epoch_27_loss_5.908_f1_0.827.pth
2025-05-29 16:23:47,982 [INFO] Best validation metrics - Loss: 5.9076, F1: 0.8274
2025-05-29 16:23:56,380 [INFO] Epoch 29/50: Train Loss=5.1984, Val Loss=5.8979, F1=0.8223
2025-05-29 16:24:04,792 [INFO] Epoch 30/50: Train Loss=5.1607, Val Loss=6.0400, F1=0.8232
2025-05-29 16:24:04,793 [INFO] Cycle 2, Epoch 30, LR 5.000e-05, Train Loss: 5.1607, Val Loss: 6.0400, Val F1: 0.8232
2025-05-29 16:24:13,144 [INFO] Epoch 31/50: Train Loss=5.1468, Val Loss=5.8478, F1=0.8310
2025-05-29 16:24:13,155 [INFO] New best model saved: checkpoints/model_C_cycle_2_epoch_30_loss_5.848_f1_0.831.pth
2025-05-29 16:24:13,156 [INFO] Best validation metrics - Loss: 5.8478, F1: 0.8310
2025-05-29 16:24:21,719 [INFO] Epoch 32/50: Train Loss=5.0929, Val Loss=5.9454, F1=0.8188
2025-05-29 16:24:30,241 [INFO] Epoch 33/50: Train Loss=5.0016, Val Loss=6.0781, F1=0.8190
2025-05-29 16:24:38,703 [INFO] Epoch 34/50: Train Loss=5.0572, Val Loss=6.0536, F1=0.8206
2025-05-29 16:24:47,178 [INFO] Epoch 35/50: Train Loss=5.1258, Val Loss=6.0914, F1=0.8200
2025-05-29 16:24:55,524 [INFO] Epoch 36/50: Train Loss=4.9746, Val Loss=5.9592, F1=0.8204
2025-05-29 16:25:03,949 [INFO] Epoch 37/50: Train Loss=5.0305, Val Loss=5.8164, F1=0.8278
2025-05-29 16:25:12,413 [INFO] Epoch 38/50: Train Loss=5.0477, Val Loss=5.7572, F1=0.8317
2025-05-29 16:25:12,424 [INFO] New best model saved: checkpoints/model_C_cycle_2_epoch_37_loss_5.757_f1_0.832.pth
2025-05-29 16:25:12,425 [INFO] Best validation metrics - Loss: 5.7572, F1: 0.8317
2025-05-29 16:25:20,861 [INFO] Epoch 39/50: Train Loss=4.9324, Val Loss=5.7731, F1=0.8230
2025-05-29 16:25:29,295 [INFO] Epoch 40/50: Train Loss=4.9124, Val Loss=5.9117, F1=0.8236
2025-05-29 16:25:29,295 [INFO] Cycle 2, Epoch 40, LR 5.000e-05, Train Loss: 4.9124, Val Loss: 5.9117, Val F1: 0.8236
2025-05-29 16:25:37,747 [INFO] Epoch 41/50: Train Loss=4.9446, Val Loss=5.8384, F1=0.8248
2025-05-29 16:25:46,108 [INFO] Epoch 42/50: Train Loss=4.8978, Val Loss=5.7590, F1=0.8274
2025-05-29 16:25:54,469 [INFO] Epoch 43/50: Train Loss=4.8350, Val Loss=6.1045, F1=0.8203
2025-05-29 16:26:02,859 [INFO] Epoch 44/50: Train Loss=4.9207, Val Loss=5.5722, F1=0.8308
2025-05-29 16:26:11,231 [INFO] Epoch 45/50: Train Loss=4.8406, Val Loss=5.9907, F1=0.8215
2025-05-29 16:26:19,611 [INFO] Epoch 46/50: Train Loss=4.8887, Val Loss=5.7364, F1=0.8303
2025-05-29 16:26:27,925 [INFO] Epoch 47/50: Train Loss=4.7893, Val Loss=5.9627, F1=0.8261
2025-05-29 16:26:36,437 [INFO] Epoch 48/50: Train Loss=4.8743, Val Loss=5.8848, F1=0.8241
2025-05-29 16:26:44,830 [INFO] Epoch 49/50: Train Loss=4.7947, Val Loss=5.6903, F1=0.8286
2025-05-29 16:26:53,210 [INFO] Epoch 50/50: Train Loss=4.6561, Val Loss=5.6588, F1=0.8336
2025-05-29 16:26:53,211 [INFO] Cycle 2, Epoch 50, LR 3.500e-05, Train Loss: 4.6561, Val Loss: 5.6588, Val F1: 0.8336
2025-05-29 16:26:53,222 [INFO] New best model saved: checkpoints/model_C_cycle_2_epoch_49_loss_5.659_f1_0.834.pth
2025-05-29 16:26:53,222 [INFO] Best validation metrics - Loss: 5.6588, F1: 0.8336
2025-05-29 16:26:53,224 [INFO] Cycle 2 completed:
2025-05-29 16:26:53,225 [INFO] - Final validation loss: 5.6588
2025-05-29 16:26:53,225 [INFO] - Final F1 score: 0.8336
2025-05-29 16:26:53,227 [INFO] 
Starting cycle 3 with seed 3
2025-05-29 16:27:20,660 [INFO] 
Starting training cycle 3
2025-05-29 16:27:20,685 [INFO] Loaded pretrained model: checkpoints/model_ABCD_cycle_3_epoch_999_loss_0.677_f1_0.772.pth
2025-05-29 16:27:28,688 [INFO] Epoch 1/50: Train Loss=9.3531, Val Loss=10.1499, F1=0.7698
2025-05-29 16:27:28,697 [INFO] New best model saved: checkpoints/model_C_cycle_3_epoch_0_loss_10.150_f1_0.770.pth
2025-05-29 16:27:28,698 [INFO] Best validation metrics - Loss: 10.1499, F1: 0.7698
2025-05-29 16:27:36,618 [INFO] Epoch 2/50: Train Loss=7.9647, Val Loss=8.5211, F1=0.7850
2025-05-29 16:27:36,629 [INFO] New best model saved: checkpoints/model_C_cycle_3_epoch_1_loss_8.521_f1_0.785.pth
2025-05-29 16:27:36,629 [INFO] Best validation metrics - Loss: 8.5211, F1: 0.7850
2025-05-29 16:27:44,562 [INFO] Epoch 3/50: Train Loss=7.0848, Val Loss=7.6508, F1=0.7901
2025-05-29 16:27:44,571 [INFO] New best model saved: checkpoints/model_C_cycle_3_epoch_2_loss_7.651_f1_0.790.pth
2025-05-29 16:27:44,572 [INFO] Best validation metrics - Loss: 7.6508, F1: 0.7901
2025-05-29 16:27:52,572 [INFO] Epoch 4/50: Train Loss=6.6502, Val Loss=7.4237, F1=0.7871
2025-05-29 16:27:52,572 [INFO] Warm-up epochs finished
2025-05-29 16:28:00,628 [INFO] Epoch 5/50: Train Loss=6.4290, Val Loss=7.2231, F1=0.7924
2025-05-29 16:28:00,639 [INFO] New best model saved: checkpoints/model_C_cycle_3_epoch_4_loss_7.223_f1_0.792.pth
2025-05-29 16:28:00,640 [INFO] Best validation metrics - Loss: 7.2231, F1: 0.7924
2025-05-29 16:28:08,654 [INFO] Epoch 6/50: Train Loss=6.2623, Val Loss=7.2801, F1=0.7836
2025-05-29 16:28:16,685 [INFO] Epoch 7/50: Train Loss=5.9931, Val Loss=7.1543, F1=0.7817
2025-05-29 16:28:24,632 [INFO] Epoch 8/50: Train Loss=5.9359, Val Loss=6.9334, F1=0.7935
2025-05-29 16:28:24,642 [INFO] New best model saved: checkpoints/model_C_cycle_3_epoch_7_loss_6.933_f1_0.794.pth
2025-05-29 16:28:24,643 [INFO] Best validation metrics - Loss: 6.9334, F1: 0.7935
2025-05-29 16:28:32,683 [INFO] Epoch 9/50: Train Loss=5.8066, Val Loss=7.0557, F1=0.7854
2025-05-29 16:28:40,909 [INFO] Epoch 10/50: Train Loss=5.6900, Val Loss=6.7448, F1=0.7954
2025-05-29 16:28:40,910 [INFO] Cycle 3, Epoch 10, LR 5.000e-05, Train Loss: 5.6900, Val Loss: 6.7448, Val F1: 0.7954
2025-05-29 16:28:40,919 [INFO] New best model saved: checkpoints/model_C_cycle_3_epoch_9_loss_6.745_f1_0.795.pth
2025-05-29 16:28:40,919 [INFO] Best validation metrics - Loss: 6.7448, F1: 0.7954
2025-05-29 16:28:49,093 [INFO] Epoch 11/50: Train Loss=5.6139, Val Loss=6.6103, F1=0.8016
2025-05-29 16:28:49,103 [INFO] New best model saved: checkpoints/model_C_cycle_3_epoch_10_loss_6.610_f1_0.802.pth
2025-05-29 16:28:49,103 [INFO] Best validation metrics - Loss: 6.6103, F1: 0.8016
2025-05-29 16:28:57,127 [INFO] Epoch 12/50: Train Loss=5.5207, Val Loss=6.8812, F1=0.7957
2025-05-29 16:29:05,060 [INFO] Epoch 13/50: Train Loss=5.4795, Val Loss=6.6143, F1=0.7953
2025-05-29 16:29:13,015 [INFO] Epoch 14/50: Train Loss=5.4119, Val Loss=6.7137, F1=0.7940
2025-05-29 16:29:20,973 [INFO] Epoch 15/50: Train Loss=5.3948, Val Loss=6.4300, F1=0.8013
2025-05-29 16:29:28,974 [INFO] Epoch 16/50: Train Loss=5.3643, Val Loss=6.4865, F1=0.8023
2025-05-29 16:29:28,984 [INFO] New best model saved: checkpoints/model_C_cycle_3_epoch_15_loss_6.487_f1_0.802.pth
2025-05-29 16:29:28,984 [INFO] Best validation metrics - Loss: 6.4865, F1: 0.8023
2025-05-29 16:29:36,979 [INFO] Epoch 17/50: Train Loss=5.3232, Val Loss=6.3544, F1=0.8065
2025-05-29 16:29:36,988 [INFO] New best model saved: checkpoints/model_C_cycle_3_epoch_16_loss_6.354_f1_0.807.pth
2025-05-29 16:29:36,988 [INFO] Best validation metrics - Loss: 6.3544, F1: 0.8065
2025-05-29 16:29:44,967 [INFO] Epoch 18/50: Train Loss=5.2429, Val Loss=7.0048, F1=0.7828
2025-05-29 16:29:52,828 [INFO] Epoch 19/50: Train Loss=5.2544, Val Loss=6.4264, F1=0.7994
2025-05-29 16:30:00,758 [INFO] Epoch 20/50: Train Loss=5.1977, Val Loss=6.2311, F1=0.8085
2025-05-29 16:30:00,759 [INFO] Cycle 3, Epoch 20, LR 5.000e-05, Train Loss: 5.1977, Val Loss: 6.2311, Val F1: 0.8085
2025-05-29 16:30:00,768 [INFO] New best model saved: checkpoints/model_C_cycle_3_epoch_19_loss_6.231_f1_0.809.pth
2025-05-29 16:30:00,769 [INFO] Best validation metrics - Loss: 6.2311, F1: 0.8085
2025-05-29 16:30:08,693 [INFO] Epoch 21/50: Train Loss=5.1306, Val Loss=6.7090, F1=0.7992
2025-05-29 16:30:16,617 [INFO] Epoch 22/50: Train Loss=5.1307, Val Loss=6.1151, F1=0.8108
2025-05-29 16:30:16,627 [INFO] New best model saved: checkpoints/model_C_cycle_3_epoch_21_loss_6.115_f1_0.811.pth
2025-05-29 16:30:16,627 [INFO] Best validation metrics - Loss: 6.1151, F1: 0.8108
2025-05-29 16:30:24,606 [INFO] Epoch 23/50: Train Loss=5.0899, Val Loss=6.3378, F1=0.7968
2025-05-29 16:30:32,500 [INFO] Epoch 24/50: Train Loss=5.1024, Val Loss=6.3734, F1=0.8037
2025-05-29 16:30:40,383 [INFO] Epoch 25/50: Train Loss=5.0168, Val Loss=6.3855, F1=0.8061
2025-05-29 16:30:48,414 [INFO] Epoch 26/50: Train Loss=4.9945, Val Loss=6.4055, F1=0.8090
2025-05-29 16:30:56,456 [INFO] Epoch 27/50: Train Loss=4.9584, Val Loss=6.2218, F1=0.8199
2025-05-29 16:30:56,465 [INFO] New best model saved: checkpoints/model_C_cycle_3_epoch_26_loss_6.222_f1_0.820.pth
2025-05-29 16:30:56,466 [INFO] Best validation metrics - Loss: 6.2218, F1: 0.8199
2025-05-29 16:31:04,522 [INFO] Epoch 28/50: Train Loss=4.9536, Val Loss=6.2726, F1=0.8059
2025-05-29 16:31:12,528 [INFO] Epoch 29/50: Train Loss=4.9177, Val Loss=6.2369, F1=0.8117
2025-05-29 16:31:20,581 [INFO] Epoch 30/50: Train Loss=4.9264, Val Loss=6.2413, F1=0.8037
2025-05-29 16:31:20,582 [INFO] Cycle 3, Epoch 30, LR 5.000e-05, Train Loss: 4.9264, Val Loss: 6.2413, Val F1: 0.8037
2025-05-29 16:31:28,525 [INFO] Epoch 31/50: Train Loss=4.9317, Val Loss=6.1055, F1=0.8069
2025-05-29 16:31:36,556 [INFO] Epoch 32/50: Train Loss=4.8796, Val Loss=6.2742, F1=0.8068
2025-05-29 16:31:44,615 [INFO] Epoch 33/50: Train Loss=4.8467, Val Loss=6.2760, F1=0.8144
2025-05-29 16:31:52,557 [INFO] Epoch 34/50: Train Loss=4.8485, Val Loss=6.3992, F1=0.8013
2025-05-29 16:32:00,556 [INFO] Epoch 35/50: Train Loss=4.8437, Val Loss=6.2009, F1=0.8108
2025-05-29 16:32:08,542 [INFO] Epoch 36/50: Train Loss=4.9262, Val Loss=6.1101, F1=0.8102
2025-05-29 16:32:16,489 [INFO] Epoch 37/50: Train Loss=4.8571, Val Loss=6.5342, F1=0.7989
2025-05-29 16:32:24,419 [INFO] Epoch 38/50: Train Loss=4.8103, Val Loss=6.2635, F1=0.8085
2025-05-29 16:32:32,417 [INFO] Epoch 39/50: Train Loss=4.5801, Val Loss=6.0860, F1=0.8113
2025-05-29 16:32:40,377 [INFO] Epoch 40/50: Train Loss=4.5906, Val Loss=6.2384, F1=0.8073
2025-05-29 16:32:40,378 [INFO] Cycle 3, Epoch 40, LR 3.500e-05, Train Loss: 4.5906, Val Loss: 6.2384, Val F1: 0.8073
2025-05-29 16:32:48,350 [INFO] Epoch 41/50: Train Loss=4.5832, Val Loss=6.0753, F1=0.8138
2025-05-29 16:32:48,364 [INFO] Reloading best model: checkpoints/model_C_cycle_3_epoch_26_loss_6.222_f1_0.820.pth
2025-05-29 16:32:56,276 [INFO] Epoch 42/50: Train Loss=4.8011, Val Loss=6.2270, F1=0.8084
2025-05-29 16:33:04,235 [INFO] Epoch 43/50: Train Loss=4.8197, Val Loss=6.2284, F1=0.8035
2025-05-29 16:33:12,196 [INFO] Epoch 44/50: Train Loss=4.8548, Val Loss=6.1689, F1=0.8091
2025-05-29 16:33:20,154 [INFO] Epoch 45/50: Train Loss=4.7542, Val Loss=5.9995, F1=0.8114
2025-05-29 16:33:28,055 [INFO] Epoch 46/50: Train Loss=4.7447, Val Loss=6.2076, F1=0.8127
2025-05-29 16:33:35,966 [INFO] Epoch 47/50: Train Loss=4.7098, Val Loss=6.0626, F1=0.8133
2025-05-29 16:33:43,884 [INFO] Epoch 48/50: Train Loss=4.7515, Val Loss=6.1013, F1=0.8135
2025-05-29 16:33:43,885 [INFO] Early stopping triggered at epoch 47
2025-05-29 16:33:43,886 [INFO] Cycle 3 completed:
2025-05-29 16:33:43,887 [INFO] - Final validation loss: 6.2218
2025-05-29 16:33:43,888 [INFO] - Final F1 score: 0.8199
2025-05-29 16:33:43,890 [INFO] 
Starting cycle 4 with seed 4
2025-05-29 16:34:10,727 [INFO] 
Starting training cycle 4
2025-05-29 16:34:10,838 [INFO] Loaded pretrained model: checkpoints/model_ABCD_cycle_1_epoch_780_loss_0.713_f1_0.756.pth
2025-05-29 16:34:19,414 [INFO] Epoch 1/50: Train Loss=10.4481, Val Loss=9.4853, F1=0.7898
2025-05-29 16:34:19,425 [INFO] New best model saved: checkpoints/model_C_cycle_4_epoch_0_loss_9.485_f1_0.790.pth
2025-05-29 16:34:19,426 [INFO] Best validation metrics - Loss: 9.4853, F1: 0.7898
2025-05-29 16:34:27,939 [INFO] Epoch 2/50: Train Loss=8.9368, Val Loss=7.9135, F1=0.7873
2025-05-29 16:34:36,387 [INFO] Epoch 3/50: Train Loss=7.9814, Val Loss=7.4810, F1=0.7924
2025-05-29 16:34:36,397 [INFO] New best model saved: checkpoints/model_C_cycle_4_epoch_2_loss_7.481_f1_0.792.pth
2025-05-29 16:34:36,398 [INFO] Best validation metrics - Loss: 7.4810, F1: 0.7924
2025-05-29 16:34:44,922 [INFO] Epoch 4/50: Train Loss=7.4663, Val Loss=7.1197, F1=0.7920
2025-05-29 16:34:44,923 [INFO] Warm-up epochs finished
2025-05-29 16:34:53,460 [INFO] Epoch 5/50: Train Loss=7.2054, Val Loss=6.7917, F1=0.7983
2025-05-29 16:34:53,472 [INFO] New best model saved: checkpoints/model_C_cycle_4_epoch_4_loss_6.792_f1_0.798.pth
2025-05-29 16:34:53,473 [INFO] Best validation metrics - Loss: 6.7917, F1: 0.7983
2025-05-29 16:35:02,031 [INFO] Epoch 6/50: Train Loss=6.8057, Val Loss=6.4917, F1=0.7984
2025-05-29 16:35:02,043 [INFO] New best model saved: checkpoints/model_C_cycle_4_epoch_5_loss_6.492_f1_0.798.pth
2025-05-29 16:35:02,044 [INFO] Best validation metrics - Loss: 6.4917, F1: 0.7984
2025-05-29 16:35:10,589 [INFO] Epoch 7/50: Train Loss=6.6269, Val Loss=6.5477, F1=0.8015
2025-05-29 16:35:10,602 [INFO] New best model saved: checkpoints/model_C_cycle_4_epoch_6_loss_6.548_f1_0.801.pth
2025-05-29 16:35:10,603 [INFO] Best validation metrics - Loss: 6.5477, F1: 0.8015
2025-05-29 16:35:19,196 [INFO] Epoch 8/50: Train Loss=6.4636, Val Loss=6.3957, F1=0.8045
2025-05-29 16:35:19,208 [INFO] New best model saved: checkpoints/model_C_cycle_4_epoch_7_loss_6.396_f1_0.804.pth
2025-05-29 16:35:19,209 [INFO] Best validation metrics - Loss: 6.3957, F1: 0.8045
2025-05-29 16:35:27,682 [INFO] Epoch 9/50: Train Loss=6.3143, Val Loss=6.3647, F1=0.8025
2025-05-29 16:35:36,231 [INFO] Epoch 10/50: Train Loss=6.1540, Val Loss=6.1984, F1=0.8086
2025-05-29 16:35:36,232 [INFO] Cycle 4, Epoch 10, LR 5.000e-05, Train Loss: 6.1540, Val Loss: 6.1984, Val F1: 0.8086
2025-05-29 16:35:36,243 [INFO] New best model saved: checkpoints/model_C_cycle_4_epoch_9_loss_6.198_f1_0.809.pth
2025-05-29 16:35:36,244 [INFO] Best validation metrics - Loss: 6.1984, F1: 0.8086
2025-05-29 16:35:44,802 [INFO] Epoch 11/50: Train Loss=6.0989, Val Loss=6.2582, F1=0.8113
2025-05-29 16:35:44,815 [INFO] New best model saved: checkpoints/model_C_cycle_4_epoch_10_loss_6.258_f1_0.811.pth
2025-05-29 16:35:44,816 [INFO] Best validation metrics - Loss: 6.2582, F1: 0.8113
2025-05-29 16:35:53,355 [INFO] Epoch 12/50: Train Loss=6.0171, Val Loss=6.2223, F1=0.8077
2025-05-29 16:36:01,916 [INFO] Epoch 13/50: Train Loss=5.9594, Val Loss=6.1466, F1=0.8063
2025-05-29 16:36:10,509 [INFO] Epoch 14/50: Train Loss=5.8680, Val Loss=6.2527, F1=0.8109
2025-05-29 16:36:19,023 [INFO] Epoch 15/50: Train Loss=5.8713, Val Loss=5.9787, F1=0.8115
2025-05-29 16:36:19,035 [INFO] New best model saved: checkpoints/model_C_cycle_4_epoch_14_loss_5.979_f1_0.811.pth
2025-05-29 16:36:19,036 [INFO] Best validation metrics - Loss: 5.9787, F1: 0.8115
2025-05-29 16:36:27,534 [INFO] Epoch 16/50: Train Loss=5.7614, Val Loss=6.0570, F1=0.8091
2025-05-29 16:36:36,076 [INFO] Epoch 17/50: Train Loss=5.6681, Val Loss=5.9560, F1=0.8147
2025-05-29 16:36:36,087 [INFO] New best model saved: checkpoints/model_C_cycle_4_epoch_16_loss_5.956_f1_0.815.pth
2025-05-29 16:36:36,088 [INFO] Best validation metrics - Loss: 5.9560, F1: 0.8147
2025-05-29 16:36:44,600 [INFO] Epoch 18/50: Train Loss=5.6358, Val Loss=6.2108, F1=0.8081
2025-05-29 16:36:53,040 [INFO] Epoch 19/50: Train Loss=5.5946, Val Loss=5.8977, F1=0.8125
2025-05-29 16:37:01,520 [INFO] Epoch 20/50: Train Loss=5.5673, Val Loss=6.0358, F1=0.8065
2025-05-29 16:37:01,521 [INFO] Cycle 4, Epoch 20, LR 5.000e-05, Train Loss: 5.5673, Val Loss: 6.0358, Val F1: 0.8065
2025-05-29 16:37:09,938 [INFO] Epoch 21/50: Train Loss=5.5838, Val Loss=6.1343, F1=0.8032
2025-05-29 16:37:18,380 [INFO] Epoch 22/50: Train Loss=5.4765, Val Loss=6.1305, F1=0.8079
2025-05-29 16:37:26,870 [INFO] Epoch 23/50: Train Loss=5.5091, Val Loss=6.0145, F1=0.8071
2025-05-29 16:37:35,283 [INFO] Epoch 24/50: Train Loss=5.4582, Val Loss=6.0154, F1=0.8148
2025-05-29 16:37:35,296 [INFO] New best model saved: checkpoints/model_C_cycle_4_epoch_23_loss_6.015_f1_0.815.pth
2025-05-29 16:37:35,296 [INFO] Best validation metrics - Loss: 6.0154, F1: 0.8148
2025-05-29 16:37:43,824 [INFO] Epoch 25/50: Train Loss=5.4313, Val Loss=6.1095, F1=0.8038
2025-05-29 16:37:52,186 [INFO] Epoch 26/50: Train Loss=5.3481, Val Loss=5.7899, F1=0.8134
2025-05-29 16:38:00,630 [INFO] Epoch 27/50: Train Loss=5.3631, Val Loss=6.1141, F1=0.8083
2025-05-29 16:38:09,034 [INFO] Epoch 28/50: Train Loss=5.3095, Val Loss=5.7948, F1=0.8131
2025-05-29 16:38:17,427 [INFO] Epoch 29/50: Train Loss=5.2042, Val Loss=6.1774, F1=0.8037
2025-05-29 16:38:25,989 [INFO] Epoch 30/50: Train Loss=5.1421, Val Loss=6.0645, F1=0.8091
2025-05-29 16:38:25,989 [INFO] Cycle 4, Epoch 30, LR 3.500e-05, Train Loss: 5.1421, Val Loss: 6.0645, Val F1: 0.8091
2025-05-29 16:38:34,517 [INFO] Epoch 31/50: Train Loss=5.1615, Val Loss=5.9696, F1=0.8171
2025-05-29 16:38:34,528 [INFO] New best model saved: checkpoints/model_C_cycle_4_epoch_30_loss_5.970_f1_0.817.pth
2025-05-29 16:38:34,529 [INFO] Best validation metrics - Loss: 5.9696, F1: 0.8171
2025-05-29 16:38:43,055 [INFO] Epoch 32/50: Train Loss=5.0924, Val Loss=5.8134, F1=0.8163
2025-05-29 16:38:51,625 [INFO] Epoch 33/50: Train Loss=5.1162, Val Loss=5.7421, F1=0.8178
2025-05-29 16:38:51,637 [INFO] New best model saved: checkpoints/model_C_cycle_4_epoch_32_loss_5.742_f1_0.818.pth
2025-05-29 16:38:51,637 [INFO] Best validation metrics - Loss: 5.7421, F1: 0.8178
2025-05-29 16:39:00,332 [INFO] Epoch 34/50: Train Loss=5.1085, Val Loss=5.9763, F1=0.8100
2025-05-29 16:39:08,973 [INFO] Epoch 35/50: Train Loss=5.0774, Val Loss=5.8316, F1=0.8101
2025-05-29 16:39:17,646 [INFO] Epoch 36/50: Train Loss=5.0614, Val Loss=5.7766, F1=0.8120
2025-05-29 16:39:26,278 [INFO] Epoch 37/50: Train Loss=5.0115, Val Loss=5.7630, F1=0.8186
2025-05-29 16:39:26,290 [INFO] New best model saved: checkpoints/model_C_cycle_4_epoch_36_loss_5.763_f1_0.819.pth
2025-05-29 16:39:26,291 [INFO] Best validation metrics - Loss: 5.7630, F1: 0.8186
2025-05-29 16:39:34,881 [INFO] Epoch 38/50: Train Loss=5.0095, Val Loss=5.7650, F1=0.8173
2025-05-29 16:39:43,597 [INFO] Epoch 39/50: Train Loss=5.0006, Val Loss=5.9132, F1=0.8131
2025-05-29 16:39:52,314 [INFO] Epoch 40/50: Train Loss=4.9843, Val Loss=5.6072, F1=0.8214
2025-05-29 16:39:52,315 [INFO] Cycle 4, Epoch 40, LR 3.500e-05, Train Loss: 4.9843, Val Loss: 5.6072, Val F1: 0.8214
2025-05-29 16:39:52,327 [INFO] New best model saved: checkpoints/model_C_cycle_4_epoch_39_loss_5.607_f1_0.821.pth
2025-05-29 16:39:52,327 [INFO] Best validation metrics - Loss: 5.6072, F1: 0.8214
2025-05-29 16:40:00,975 [INFO] Epoch 41/50: Train Loss=4.9295, Val Loss=5.8094, F1=0.8167
2025-05-29 16:40:09,511 [INFO] Epoch 42/50: Train Loss=4.9336, Val Loss=5.7259, F1=0.8213
2025-05-29 16:40:18,101 [INFO] Epoch 43/50: Train Loss=4.9355, Val Loss=5.9332, F1=0.8134
2025-05-29 16:40:26,765 [INFO] Epoch 44/50: Train Loss=4.9348, Val Loss=5.7502, F1=0.8217
2025-05-29 16:40:26,776 [INFO] New best model saved: checkpoints/model_C_cycle_4_epoch_43_loss_5.750_f1_0.822.pth
2025-05-29 16:40:26,777 [INFO] Best validation metrics - Loss: 5.7502, F1: 0.8217
2025-05-29 16:40:35,354 [INFO] Epoch 45/50: Train Loss=4.8756, Val Loss=5.6483, F1=0.8200
2025-05-29 16:40:44,046 [INFO] Epoch 46/50: Train Loss=4.9034, Val Loss=5.6986, F1=0.8244
2025-05-29 16:40:44,058 [INFO] New best model saved: checkpoints/model_C_cycle_4_epoch_45_loss_5.699_f1_0.824.pth
2025-05-29 16:40:44,059 [INFO] Best validation metrics - Loss: 5.6986, F1: 0.8244
2025-05-29 16:40:52,658 [INFO] Epoch 47/50: Train Loss=4.8820, Val Loss=5.6233, F1=0.8214
2025-05-29 16:41:01,251 [INFO] Epoch 48/50: Train Loss=4.9095, Val Loss=5.7875, F1=0.8138
2025-05-29 16:41:09,868 [INFO] Epoch 49/50: Train Loss=4.8725, Val Loss=5.6562, F1=0.8261
2025-05-29 16:41:09,880 [INFO] New best model saved: checkpoints/model_C_cycle_4_epoch_48_loss_5.656_f1_0.826.pth
2025-05-29 16:41:09,880 [INFO] Best validation metrics - Loss: 5.6562, F1: 0.8261
2025-05-29 16:41:18,535 [INFO] Epoch 50/50: Train Loss=4.8820, Val Loss=5.7099, F1=0.8173
2025-05-29 16:41:18,536 [INFO] Cycle 4, Epoch 50, LR 3.500e-05, Train Loss: 4.8820, Val Loss: 5.7099, Val F1: 0.8173
2025-05-29 16:41:18,538 [INFO] Cycle 4 completed:
2025-05-29 16:41:18,539 [INFO] - Final validation loss: 5.6562
2025-05-29 16:41:18,540 [INFO] - Final F1 score: 0.8261
2025-05-29 16:41:18,542 [INFO] 
Starting cycle 5 with seed 5
2025-05-29 16:41:46,323 [INFO] 
Starting training cycle 5
2025-05-29 16:41:46,348 [INFO] Loaded pretrained model: checkpoints/model_ABCD_cycle_2_epoch_919_loss_0.697_f1_0.764.pth
2025-05-29 16:41:54,611 [INFO] Epoch 1/50: Train Loss=9.9354, Val Loss=9.5336, F1=0.7850
2025-05-29 16:41:54,621 [INFO] New best model saved: checkpoints/model_C_cycle_5_epoch_0_loss_9.534_f1_0.785.pth
2025-05-29 16:41:54,621 [INFO] Best validation metrics - Loss: 9.5336, F1: 0.7850
2025-05-29 16:42:02,717 [INFO] Epoch 2/50: Train Loss=8.3808, Val Loss=8.2034, F1=0.7782
2025-05-29 16:42:10,926 [INFO] Epoch 3/50: Train Loss=7.5504, Val Loss=7.6764, F1=0.7726
2025-05-29 16:42:19,083 [INFO] Epoch 4/50: Train Loss=7.1772, Val Loss=7.2942, F1=0.7935
2025-05-29 16:42:19,093 [INFO] New best model saved: checkpoints/model_C_cycle_5_epoch_3_loss_7.294_f1_0.793.pth
2025-05-29 16:42:19,094 [INFO] Best validation metrics - Loss: 7.2942, F1: 0.7935
2025-05-29 16:42:19,094 [INFO] Warm-up epochs finished
2025-05-29 16:42:27,240 [INFO] Epoch 5/50: Train Loss=6.8356, Val Loss=7.2431, F1=0.7901
2025-05-29 16:42:35,401 [INFO] Epoch 6/50: Train Loss=6.5670, Val Loss=6.8770, F1=0.7941
2025-05-29 16:42:35,412 [INFO] New best model saved: checkpoints/model_C_cycle_5_epoch_5_loss_6.877_f1_0.794.pth
2025-05-29 16:42:35,412 [INFO] Best validation metrics - Loss: 6.8770, F1: 0.7941
2025-05-29 16:42:43,540 [INFO] Epoch 7/50: Train Loss=6.3587, Val Loss=6.7676, F1=0.7953
2025-05-29 16:42:43,549 [INFO] New best model saved: checkpoints/model_C_cycle_5_epoch_6_loss_6.768_f1_0.795.pth
2025-05-29 16:42:43,550 [INFO] Best validation metrics - Loss: 6.7676, F1: 0.7953
2025-05-29 16:42:51,772 [INFO] Epoch 8/50: Train Loss=6.1977, Val Loss=6.4646, F1=0.8066
2025-05-29 16:42:51,782 [INFO] New best model saved: checkpoints/model_C_cycle_5_epoch_7_loss_6.465_f1_0.807.pth
2025-05-29 16:42:51,782 [INFO] Best validation metrics - Loss: 6.4646, F1: 0.8066
2025-05-29 16:42:59,933 [INFO] Epoch 9/50: Train Loss=6.0790, Val Loss=6.4701, F1=0.8038
2025-05-29 16:43:08,025 [INFO] Epoch 10/50: Train Loss=6.0562, Val Loss=6.2153, F1=0.8086
2025-05-29 16:43:08,026 [INFO] Cycle 5, Epoch 10, LR 5.000e-05, Train Loss: 6.0562, Val Loss: 6.2153, Val F1: 0.8086
2025-05-29 16:43:08,037 [INFO] New best model saved: checkpoints/model_C_cycle_5_epoch_9_loss_6.215_f1_0.809.pth
2025-05-29 16:43:08,037 [INFO] Best validation metrics - Loss: 6.2153, F1: 0.8086
2025-05-29 16:43:16,170 [INFO] Epoch 11/50: Train Loss=5.8640, Val Loss=6.4528, F1=0.7987
2025-05-29 16:43:24,425 [INFO] Epoch 12/50: Train Loss=5.8913, Val Loss=6.2549, F1=0.8095
2025-05-29 16:43:24,435 [INFO] New best model saved: checkpoints/model_C_cycle_5_epoch_11_loss_6.255_f1_0.810.pth
2025-05-29 16:43:24,436 [INFO] Best validation metrics - Loss: 6.2549, F1: 0.8095
2025-05-29 16:43:32,786 [INFO] Epoch 13/50: Train Loss=5.7799, Val Loss=6.2094, F1=0.8087
2025-05-29 16:43:41,182 [INFO] Epoch 14/50: Train Loss=5.6926, Val Loss=6.0832, F1=0.8141
2025-05-29 16:43:41,191 [INFO] New best model saved: checkpoints/model_C_cycle_5_epoch_13_loss_6.083_f1_0.814.pth
2025-05-29 16:43:41,192 [INFO] Best validation metrics - Loss: 6.0832, F1: 0.8141
2025-05-29 16:43:49,578 [INFO] Epoch 15/50: Train Loss=5.6605, Val Loss=6.5192, F1=0.7965
2025-05-29 16:43:57,794 [INFO] Epoch 16/50: Train Loss=5.5949, Val Loss=6.3478, F1=0.8049
2025-05-29 16:44:05,971 [INFO] Epoch 17/50: Train Loss=5.5681, Val Loss=6.0656, F1=0.8127
2025-05-29 16:44:14,201 [INFO] Epoch 18/50: Train Loss=5.5415, Val Loss=6.0849, F1=0.8133
2025-05-29 16:44:22,419 [INFO] Epoch 19/50: Train Loss=5.4738, Val Loss=5.9512, F1=0.8181
2025-05-29 16:44:22,430 [INFO] New best model saved: checkpoints/model_C_cycle_5_epoch_18_loss_5.951_f1_0.818.pth
2025-05-29 16:44:22,430 [INFO] Best validation metrics - Loss: 5.9512, F1: 0.8181
2025-05-29 16:44:30,637 [INFO] Epoch 20/50: Train Loss=5.3836, Val Loss=6.2761, F1=0.8089
2025-05-29 16:44:30,638 [INFO] Cycle 5, Epoch 20, LR 5.000e-05, Train Loss: 5.3836, Val Loss: 6.2761, Val F1: 0.8089
2025-05-29 16:44:38,747 [INFO] Epoch 21/50: Train Loss=5.3709, Val Loss=5.9277, F1=0.8153
2025-05-29 16:44:46,964 [INFO] Epoch 22/50: Train Loss=5.3596, Val Loss=6.1158, F1=0.8180
2025-05-29 16:44:55,144 [INFO] Epoch 23/50: Train Loss=5.3153, Val Loss=6.1363, F1=0.8051
2025-05-29 16:45:03,314 [INFO] Epoch 24/50: Train Loss=5.2857, Val Loss=5.9758, F1=0.8128
2025-05-29 16:45:11,473 [INFO] Epoch 25/50: Train Loss=5.2609, Val Loss=6.1605, F1=0.8070
2025-05-29 16:45:19,622 [INFO] Epoch 26/50: Train Loss=5.2356, Val Loss=5.8367, F1=0.8162
2025-05-29 16:45:27,797 [INFO] Epoch 27/50: Train Loss=5.2138, Val Loss=5.9111, F1=0.8104
2025-05-29 16:45:35,960 [INFO] Epoch 28/50: Train Loss=5.1422, Val Loss=5.9051, F1=0.8166
2025-05-29 16:45:44,106 [INFO] Epoch 29/50: Train Loss=5.1308, Val Loss=5.8092, F1=0.8171
2025-05-29 16:45:52,281 [INFO] Epoch 30/50: Train Loss=5.1378, Val Loss=5.8232, F1=0.8169
2025-05-29 16:45:52,282 [INFO] Cycle 5, Epoch 30, LR 5.000e-05, Train Loss: 5.1378, Val Loss: 5.8232, Val F1: 0.8169
2025-05-29 16:46:00,505 [INFO] Epoch 31/50: Train Loss=4.9594, Val Loss=5.8884, F1=0.8171
2025-05-29 16:46:00,519 [INFO] Reloading best model: checkpoints/model_C_cycle_5_epoch_18_loss_5.951_f1_0.818.pth
2025-05-29 16:46:08,569 [INFO] Epoch 32/50: Train Loss=5.2838, Val Loss=6.3958, F1=0.8129
2025-05-29 16:46:16,626 [INFO] Epoch 33/50: Train Loss=5.2614, Val Loss=5.9075, F1=0.8174
2025-05-29 16:46:24,800 [INFO] Epoch 34/50: Train Loss=5.2804, Val Loss=6.0521, F1=0.8150
2025-05-29 16:46:32,888 [INFO] Epoch 35/50: Train Loss=5.2059, Val Loss=5.9872, F1=0.8124
2025-05-29 16:46:41,011 [INFO] Epoch 36/50: Train Loss=5.1728, Val Loss=5.8258, F1=0.8171
2025-05-29 16:46:49,197 [INFO] Epoch 37/50: Train Loss=5.1577, Val Loss=5.7766, F1=0.8241
2025-05-29 16:46:49,206 [INFO] New best model saved: checkpoints/model_C_cycle_5_epoch_36_loss_5.777_f1_0.824.pth
2025-05-29 16:46:49,207 [INFO] Best validation metrics - Loss: 5.7766, F1: 0.8241
2025-05-29 16:46:57,297 [INFO] Epoch 38/50: Train Loss=5.1707, Val Loss=5.8278, F1=0.8204
2025-05-29 16:47:05,438 [INFO] Epoch 39/50: Train Loss=5.1084, Val Loss=5.9728, F1=0.8165
2025-05-29 16:47:13,590 [INFO] Epoch 40/50: Train Loss=5.1102, Val Loss=5.8738, F1=0.8138
2025-05-29 16:47:13,591 [INFO] Cycle 5, Epoch 40, LR 3.500e-05, Train Loss: 5.1102, Val Loss: 5.8738, Val F1: 0.8138
2025-05-29 16:47:21,795 [INFO] Epoch 41/50: Train Loss=5.0877, Val Loss=5.8444, F1=0.8217
2025-05-29 16:47:29,955 [INFO] Epoch 42/50: Train Loss=5.0879, Val Loss=5.8039, F1=0.8183
2025-05-29 16:47:38,081 [INFO] Epoch 43/50: Train Loss=5.0184, Val Loss=5.9771, F1=0.8102
2025-05-29 16:47:46,153 [INFO] Epoch 44/50: Train Loss=5.0169, Val Loss=5.8098, F1=0.8207
2025-05-29 16:47:54,281 [INFO] Epoch 45/50: Train Loss=4.9887, Val Loss=5.8644, F1=0.8108
2025-05-29 16:48:02,322 [INFO] Epoch 46/50: Train Loss=4.9627, Val Loss=5.9722, F1=0.8108
2025-05-29 16:48:10,464 [INFO] Epoch 47/50: Train Loss=4.9729, Val Loss=5.8613, F1=0.8184
2025-05-29 16:48:18,494 [INFO] Epoch 48/50: Train Loss=4.9785, Val Loss=5.6957, F1=0.8270
2025-05-29 16:48:18,503 [INFO] New best model saved: checkpoints/model_C_cycle_5_epoch_47_loss_5.696_f1_0.827.pth
2025-05-29 16:48:18,504 [INFO] Best validation metrics - Loss: 5.6957, F1: 0.8270
2025-05-29 16:48:26,626 [INFO] Epoch 49/50: Train Loss=4.9646, Val Loss=5.9500, F1=0.8157
2025-05-29 16:48:34,856 [INFO] Epoch 50/50: Train Loss=4.9550, Val Loss=5.8222, F1=0.8195
2025-05-29 16:48:34,857 [INFO] Cycle 5, Epoch 50, LR 3.500e-05, Train Loss: 4.9550, Val Loss: 5.8222, Val F1: 0.8195
2025-05-29 16:48:34,858 [INFO] Cycle 5 completed:
2025-05-29 16:48:34,859 [INFO] - Final validation loss: 5.6957
2025-05-29 16:48:34,860 [INFO] - Final F1 score: 0.8270
2025-05-29 16:48:34,861 [INFO] Saved paths of the best models to model_paths_C.txt
2025-05-29 16:48:34,977 [INFO] Generating predictions for /content/DL_HACKATON/datasets/C/test.json.gz
2025-05-29 16:49:07,320 [INFO] Model weights for ensemble:
2025-05-29 16:49:07,321 [INFO] Model: model_C_cycle_1_epoch_49_loss_6.124_f1_0.819.pth
2025-05-29 16:49:07,322 [INFO] - Loss: 0.8193
2025-05-29 16:49:07,322 [INFO] - Weight: 0.1988
2025-05-29 16:49:07,323 [INFO] Model: model_C_cycle_2_epoch_49_loss_5.659_f1_0.834.pth
2025-05-29 16:49:07,323 [INFO] - Loss: 0.8336
2025-05-29 16:49:07,324 [INFO] - Weight: 0.2017
2025-05-29 16:49:07,324 [INFO] Model: model_C_cycle_3_epoch_26_loss_6.222_f1_0.820.pth
2025-05-29 16:49:07,325 [INFO] - Loss: 0.8199
2025-05-29 16:49:07,325 [INFO] - Weight: 0.1990
2025-05-29 16:49:07,326 [INFO] Model: model_C_cycle_4_epoch_48_loss_5.656_f1_0.826.pth
2025-05-29 16:49:07,326 [INFO] - Loss: 0.8261
2025-05-29 16:49:07,327 [INFO] - Weight: 0.2002
2025-05-29 16:49:07,327 [INFO] Model: model_C_cycle_5_epoch_47_loss_5.696_f1_0.827.pth
2025-05-29 16:49:07,328 [INFO] - Loss: 0.8270
2025-05-29 16:49:07,328 [INFO] - Weight: 0.2004
2025-05-29 16:49:07,333 [INFO] 
Ensemble prediction statistics:
2025-05-29 16:49:07,334 [INFO] Class 0: 91 samples
2025-05-29 16:49:07,335 [INFO] Class 1: 248 samples
2025-05-29 16:49:07,335 [INFO] Class 2: 880 samples
2025-05-29 16:49:07,336 [INFO] Class 3: 87 samples
2025-05-29 16:49:07,336 [INFO] Class 4: 111 samples
2025-05-29 16:49:07,337 [INFO] Class 5: 113 samples
2025-05-29 16:49:07,337 [INFO] Average confidence: 0.9526
2025-05-29 16:49:07,338 [INFO] Min confidence: 0.3993
2025-05-29 16:49:07,338 [INFO] Max confidence: 1.0000
2025-05-29 16:49:07,388 [INFO] Saved predictions to submission/testset_C.csv
